{"meta": {"format": 3, "version": "7.8.1", "timestamp": "2025-05-26T16:50:04.786934", "branch_coverage": false, "show_contexts": false}, "files": {"src/aider_mcp_server/__init__.py": {"executed_lines": [1, 8, 9, 11, 12, 13, 14, 15, 18, 19, 20, 21, 24, 25, 36], "summary": {"covered_lines": 14, "num_statements": 17, "percent_covered": 82.3529411764706, "percent_covered_display": "82", "missing_lines": 3, "excluded_lines": 0}, "missing_lines": [26, 28, 29], "excluded_lines": [], "functions": {"": {"executed_lines": [1, 8, 9, 11, 12, 13, 14, 15, 18, 19, 20, 21, 24, 25, 36], "summary": {"covered_lines": 14, "num_statements": 17, "percent_covered": 82.3529411764706, "percent_covered_display": "82", "missing_lines": 3, "excluded_lines": 0}, "missing_lines": [26, 28, 29], "excluded_lines": []}}, "classes": {"": {"executed_lines": [1, 8, 9, 11, 12, 13, 14, 15, 18, 19, 20, 21, 24, 25, 36], "summary": {"covered_lines": 14, "num_statements": 17, "percent_covered": 82.3529411764706, "percent_covered_display": "82", "missing_lines": 3, "excluded_lines": 0}, "missing_lines": [26, 28, 29], "excluded_lines": []}}}, "src/aider_mcp_server/__main__.py": {"executed_lines": [], "summary": {"covered_lines": 0, "num_statements": 4, "percent_covered": 0.0, "percent_covered_display": "0", "missing_lines": 4, "excluded_lines": 0}, "missing_lines": [4, 8, 11, 12], "excluded_lines": [], "functions": {"": {"executed_lines": [], "summary": {"covered_lines": 0, "num_statements": 4, "percent_covered": 0.0, "percent_covered_display": "0", "missing_lines": 4, "excluded_lines": 0}, "missing_lines": [4, 8, 11, 12], "excluded_lines": []}}, "classes": {"": {"executed_lines": [], "summary": {"covered_lines": 0, "num_statements": 4, "percent_covered": 0.0, "percent_covered_display": "0", "missing_lines": 4, "excluded_lines": 0}, "missing_lines": [4, 8, 11, 12], "excluded_lines": []}}}, "src/aider_mcp_server/atoms/__init__.py": {"executed_lines": [0], "summary": {"covered_lines": 0, "num_statements": 0, "percent_covered": 100.0, "percent_covered_display": "100", "missing_lines": 0, "excluded_lines": 0}, "missing_lines": [], "excluded_lines": [], "functions": {"": {"executed_lines": [], "summary": {"covered_lines": 0, "num_statements": 0, "percent_covered": 100.0, "percent_covered_display": "100", "missing_lines": 0, "excluded_lines": 0}, "missing_lines": [], "excluded_lines": []}}, "classes": {"": {"executed_lines": [], "summary": {"covered_lines": 0, "num_statements": 0, "percent_covered": 100.0, "percent_covered_display": "100", "missing_lines": 0, "excluded_lines": 0}, "missing_lines": [], "excluded_lines": []}}}, "src/aider_mcp_server/atoms/errors/__init__.py": {"executed_lines": [0], "summary": {"covered_lines": 0, "num_statements": 0, "percent_covered": 100.0, "percent_covered_display": "100", "missing_lines": 0, "excluded_lines": 0}, "missing_lines": [], "excluded_lines": [], "functions": {"": {"executed_lines": [], "summary": {"covered_lines": 0, "num_statements": 0, "percent_covered": 100.0, "percent_covered_display": "100", "missing_lines": 0, "excluded_lines": 0}, "missing_lines": [], "excluded_lines": []}}, "classes": {"": {"executed_lines": [], "summary": {"covered_lines": 0, "num_statements": 0, "percent_covered": 100.0, "percent_covered_display": "100", "missing_lines": 0, "excluded_lines": 0}, "missing_lines": [], "excluded_lines": []}}}, "src/aider_mcp_server/atoms/errors/application_errors.py": {"executed_lines": [1, 5, 8, 9, 11, 20, 21, 22, 23, 25, 27, 34, 35, 37, 40, 41, 43, 46, 47, 49, 52, 53, 55, 58, 59, 61, 64, 65, 67, 70, 71, 73, 80, 81, 83, 86, 87, 89, 92, 93, 95, 98, 99, 101, 104, 105, 107, 110, 111, 113, 116, 117, 119, 122, 123, 125, 128, 129, 131, 134, 135, 137], "summary": {"covered_lines": 43, "num_statements": 43, "percent_covered": 100.0, "percent_covered_display": "100", "missing_lines": 0, "excluded_lines": 0}, "missing_lines": [], "excluded_lines": [], "functions": {"BaseApplicationError.__init__": {"executed_lines": [20, 21, 22, 23], "summary": {"covered_lines": 4, "num_statements": 4, "percent_covered": 100.0, "percent_covered_display": "100", "missing_lines": 0, "excluded_lines": 0}, "missing_lines": [], "excluded_lines": []}, "BaseApplicationError.to_dict": {"executed_lines": [27], "summary": {"covered_lines": 1, "num_statements": 1, "percent_covered": 100.0, "percent_covered_display": "100", "missing_lines": 0, "excluded_lines": 0}, "missing_lines": [], "excluded_lines": []}, "": {"executed_lines": [1, 5, 8, 9, 11, 25, 34, 35, 37, 40, 41, 43, 46, 47, 49, 52, 53, 55, 58, 59, 61, 64, 65, 67, 70, 71, 73, 80, 81, 83, 86, 87, 89, 92, 93, 95, 98, 99, 101, 104, 105, 107, 110, 111, 113, 116, 117, 119, 122, 123, 125, 128, 129, 131, 134, 135, 137], "summary": {"covered_lines": 38, "num_statements": 38, "percent_covered": 100.0, "percent_covered_display": "100", "missing_lines": 0, "excluded_lines": 0}, "missing_lines": [], "excluded_lines": []}}, "classes": {"BaseApplicationError": {"executed_lines": [20, 21, 22, 23, 27], "summary": {"covered_lines": 5, "num_statements": 5, "percent_covered": 100.0, "percent_covered_display": "100", "missing_lines": 0, "excluded_lines": 0}, "missing_lines": [], "excluded_lines": []}, "TransportError": {"executed_lines": [], "summary": {"covered_lines": 0, "num_statements": 0, "percent_covered": 100.0, "percent_covered_display": "100", "missing_lines": 0, "excluded_lines": 0}, "missing_lines": [], "excluded_lines": []}, "SecurityError": {"executed_lines": [], "summary": {"covered_lines": 0, "num_statements": 0, "percent_covered": 100.0, "percent_covered_display": "100", "missing_lines": 0, "excluded_lines": 0}, "missing_lines": [], "excluded_lines": []}, "ValidationError": {"executed_lines": [], "summary": {"covered_lines": 0, "num_statements": 0, "percent_covered": 100.0, "percent_covered_display": "100", "missing_lines": 0, "excluded_lines": 0}, "missing_lines": [], "excluded_lines": []}, "ProcessingError": {"executed_lines": [], "summary": {"covered_lines": 0, "num_statements": 0, "percent_covered": 100.0, "percent_covered_display": "100", "missing_lines": 0, "excluded_lines": 0}, "missing_lines": [], "excluded_lines": []}, "ConnectionFailedError": {"executed_lines": [], "summary": {"covered_lines": 0, "num_statements": 0, "percent_covered": 100.0, "percent_covered_display": "100", "missing_lines": 0, "excluded_lines": 0}, "missing_lines": [], "excluded_lines": []}, "OperationTimeoutError": {"executed_lines": [], "summary": {"covered_lines": 0, "num_statements": 0, "percent_covered": 100.0, "percent_covered_display": "100", "missing_lines": 0, "excluded_lines": 0}, "missing_lines": [], "excluded_lines": []}, "MessageFormatError": {"executed_lines": [], "summary": {"covered_lines": 0, "num_statements": 0, "percent_covered": 100.0, "percent_covered_display": "100", "missing_lines": 0, "excluded_lines": 0}, "missing_lines": [], "excluded_lines": []}, "AuthenticationError": {"executed_lines": [], "summary": {"covered_lines": 0, "num_statements": 0, "percent_covered": 100.0, "percent_covered_display": "100", "missing_lines": 0, "excluded_lines": 0}, "missing_lines": [], "excluded_lines": []}, "AuthorizationError": {"executed_lines": [], "summary": {"covered_lines": 0, "num_statements": 0, "percent_covered": 100.0, "percent_covered_display": "100", "missing_lines": 0, "excluded_lines": 0}, "missing_lines": [], "excluded_lines": []}, "TokenError": {"executed_lines": [], "summary": {"covered_lines": 0, "num_statements": 0, "percent_covered": 100.0, "percent_covered_display": "100", "missing_lines": 0, "excluded_lines": 0}, "missing_lines": [], "excluded_lines": []}, "InputValidationError": {"executed_lines": [], "summary": {"covered_lines": 0, "num_statements": 0, "percent_covered": 100.0, "percent_covered_display": "100", "missing_lines": 0, "excluded_lines": 0}, "missing_lines": [], "excluded_lines": []}, "SchemaValidationError": {"executed_lines": [], "summary": {"covered_lines": 0, "num_statements": 0, "percent_covered": 100.0, "percent_covered_display": "100", "missing_lines": 0, "excluded_lines": 0}, "missing_lines": [], "excluded_lines": []}, "ConstraintViolationError": {"executed_lines": [], "summary": {"covered_lines": 0, "num_statements": 0, "percent_covered": 100.0, "percent_covered_display": "100", "missing_lines": 0, "excluded_lines": 0}, "missing_lines": [], "excluded_lines": []}, "ResourceNotFoundError": {"executed_lines": [], "summary": {"covered_lines": 0, "num_statements": 0, "percent_covered": 100.0, "percent_covered_display": "100", "missing_lines": 0, "excluded_lines": 0}, "missing_lines": [], "excluded_lines": []}, "OperationFailedError": {"executed_lines": [], "summary": {"covered_lines": 0, "num_statements": 0, "percent_covered": 100.0, "percent_covered_display": "100", "missing_lines": 0, "excluded_lines": 0}, "missing_lines": [], "excluded_lines": []}, "ConflictError": {"executed_lines": [], "summary": {"covered_lines": 0, "num_statements": 0, "percent_covered": 100.0, "percent_covered_display": "100", "missing_lines": 0, "excluded_lines": 0}, "missing_lines": [], "excluded_lines": []}, "RateLimitError": {"executed_lines": [], "summary": {"covered_lines": 0, "num_statements": 0, "percent_covered": 100.0, "percent_covered_display": "100", "missing_lines": 0, "excluded_lines": 0}, "missing_lines": [], "excluded_lines": []}, "": {"executed_lines": [1, 5, 8, 9, 11, 25, 34, 35, 37, 40, 41, 43, 46, 47, 49, 52, 53, 55, 58, 59, 61, 64, 65, 67, 70, 71, 73, 80, 81, 83, 86, 87, 89, 92, 93, 95, 98, 99, 101, 104, 105, 107, 110, 111, 113, 116, 117, 119, 122, 123, 125, 128, 129, 131, 134, 135, 137], "summary": {"covered_lines": 38, "num_statements": 38, "percent_covered": 100.0, "percent_covered_display": "100", "missing_lines": 0, "excluded_lines": 0}, "missing_lines": [], "excluded_lines": []}}}, "src/aider_mcp_server/atoms/logging/__init__.py": {"executed_lines": [0], "summary": {"covered_lines": 0, "num_statements": 0, "percent_covered": 100.0, "percent_covered_display": "100", "missing_lines": 0, "excluded_lines": 0}, "missing_lines": [], "excluded_lines": [], "functions": {"": {"executed_lines": [], "summary": {"covered_lines": 0, "num_statements": 0, "percent_covered": 100.0, "percent_covered_display": "100", "missing_lines": 0, "excluded_lines": 0}, "missing_lines": [], "excluded_lines": []}}, "classes": {"": {"executed_lines": [], "summary": {"covered_lines": 0, "num_statements": 0, "percent_covered": 100.0, "percent_covered_display": "100", "missing_lines": 0, "excluded_lines": 0}, "missing_lines": [], "excluded_lines": []}}}, "src/aider_mcp_server/atoms/logging/fallback_logger.py": {"executed_lines": [], "summary": {"covered_lines": 0, "num_statements": 41, "percent_covered": 0.0, "percent_covered_display": "0", "missing_lines": 41, "excluded_lines": 0}, "missing_lines": [8, 9, 10, 12, 15, 28, 29, 31, 32, 33, 36, 43, 44, 45, 46, 47, 48, 49, 50, 52, 53, 54, 56, 57, 59, 60, 62, 63, 65, 66, 68, 69, 71, 72, 74, 77, 84, 85, 87, 88, 89], "excluded_lines": [], "functions": {"get_logger_with_fallback": {"executed_lines": [], "summary": {"covered_lines": 0, "num_statements": 5, "percent_covered": 0.0, "percent_covered_display": "0", "missing_lines": 5, "excluded_lines": 0}, "missing_lines": [28, 29, 31, 32, 33], "excluded_lines": []}, "_create_fallback_logger": {"executed_lines": [], "summary": {"covered_lines": 0, "num_statements": 17, "percent_covered": 0.0, "percent_covered_display": "0", "missing_lines": 17, "excluded_lines": 0}, "missing_lines": [43, 44, 45, 46, 47, 48, 49, 50, 52, 53, 56, 59, 62, 65, 68, 71, 74], "excluded_lines": []}, "_create_fallback_logger.CustomLogger.debug": {"executed_lines": [], "summary": {"covered_lines": 0, "num_statements": 1, "percent_covered": 0.0, "percent_covered_display": "0", "missing_lines": 1, "excluded_lines": 0}, "missing_lines": [54], "excluded_lines": []}, "_create_fallback_logger.CustomLogger.info": {"executed_lines": [], "summary": {"covered_lines": 0, "num_statements": 1, "percent_covered": 0.0, "percent_covered_display": "0", "missing_lines": 1, "excluded_lines": 0}, "missing_lines": [57], "excluded_lines": []}, "_create_fallback_logger.CustomLogger.warning": {"executed_lines": [], "summary": {"covered_lines": 0, "num_statements": 1, "percent_covered": 0.0, "percent_covered_display": "0", "missing_lines": 1, "excluded_lines": 0}, "missing_lines": [60], "excluded_lines": []}, "_create_fallback_logger.CustomLogger.error": {"executed_lines": [], "summary": {"covered_lines": 0, "num_statements": 1, "percent_covered": 0.0, "percent_covered_display": "0", "missing_lines": 1, "excluded_lines": 0}, "missing_lines": [63], "excluded_lines": []}, "_create_fallback_logger.CustomLogger.critical": {"executed_lines": [], "summary": {"covered_lines": 0, "num_statements": 1, "percent_covered": 0.0, "percent_covered_display": "0", "missing_lines": 1, "excluded_lines": 0}, "missing_lines": [66], "excluded_lines": []}, "_create_fallback_logger.CustomLogger.exception": {"executed_lines": [], "summary": {"covered_lines": 0, "num_statements": 1, "percent_covered": 0.0, "percent_covered_display": "0", "missing_lines": 1, "excluded_lines": 0}, "missing_lines": [69], "excluded_lines": []}, "_create_fallback_logger.CustomLogger.verbose": {"executed_lines": [], "summary": {"covered_lines": 0, "num_statements": 1, "percent_covered": 0.0, "percent_covered_display": "0", "missing_lines": 1, "excluded_lines": 0}, "missing_lines": [72], "excluded_lines": []}, "get_fallback_logger_factory": {"executed_lines": [], "summary": {"covered_lines": 0, "num_statements": 5, "percent_covered": 0.0, "percent_covered_display": "0", "missing_lines": 5, "excluded_lines": 0}, "missing_lines": [84, 85, 87, 88, 89], "excluded_lines": []}, "": {"executed_lines": [], "summary": {"covered_lines": 0, "num_statements": 7, "percent_covered": 0.0, "percent_covered_display": "0", "missing_lines": 7, "excluded_lines": 0}, "missing_lines": [8, 9, 10, 12, 15, 36, 77], "excluded_lines": []}}, "classes": {"_create_fallback_logger.CustomLogger": {"executed_lines": [], "summary": {"covered_lines": 0, "num_statements": 7, "percent_covered": 0.0, "percent_covered_display": "0", "missing_lines": 7, "excluded_lines": 0}, "missing_lines": [54, 57, 60, 63, 66, 69, 72], "excluded_lines": []}, "": {"executed_lines": [], "summary": {"covered_lines": 0, "num_statements": 34, "percent_covered": 0.0, "percent_covered_display": "0", "missing_lines": 34, "excluded_lines": 0}, "missing_lines": [8, 9, 10, 12, 15, 28, 29, 31, 32, 33, 36, 43, 44, 45, 46, 47, 48, 49, 50, 52, 53, 56, 59, 62, 65, 68, 71, 74, 77, 84, 85, 87, 88, 89], "excluded_lines": []}}}, "src/aider_mcp_server/atoms/logging/logger.py": {"executed_lines": [1, 2, 3, 4, 7, 8, 10, 26, 28, 31, 32, 33, 37, 40, 42, 45, 46, 47, 52, 55, 56, 57, 60, 61, 64, 65, 71, 77, 83, 84, 85, 86, 89, 91, 92, 95, 96, 99, 101, 102, 103, 105, 109, 111, 113, 115, 117, 119, 122, 124, 126, 128, 130, 132, 134, 136, 138, 143, 161, 163, 165], "summary": {"covered_lines": 60, "num_statements": 70, "percent_covered": 85.71428571428571, "percent_covered_display": "86", "missing_lines": 10, "excluded_lines": 0}, "missing_lines": [34, 35, 36, 38, 41, 43, 49, 66, 120, 140], "excluded_lines": [], "functions": {"Logger.__init__": {"executed_lines": [26, 28, 31, 32, 33, 37, 40, 42, 45, 46, 47, 52, 55, 56, 57, 60, 61, 64, 65, 71, 77, 83, 84, 85, 86, 89, 91, 92, 95, 96, 99, 101, 102, 103, 105], "summary": {"covered_lines": 35, "num_statements": 43, "percent_covered": 81.3953488372093, "percent_covered_display": "81", "missing_lines": 8, "excluded_lines": 0}, "missing_lines": [34, 35, 36, 38, 41, 43, 49, 66], "excluded_lines": []}, "Logger.is_verbose": {"executed_lines": [111], "summary": {"covered_lines": 1, "num_statements": 1, "percent_covered": 100.0, "percent_covered_display": "100", "missing_lines": 0, "excluded_lines": 0}, "missing_lines": [], "excluded_lines": []}, "Logger.debug": {"executed_lines": [115], "summary": {"covered_lines": 1, "num_statements": 1, "percent_covered": 100.0, "percent_covered_display": "100", "missing_lines": 0, "excluded_lines": 0}, "missing_lines": [], "excluded_lines": []}, "Logger.verbose": {"executed_lines": [119], "summary": {"covered_lines": 1, "num_statements": 2, "percent_covered": 50.0, "percent_covered_display": "50", "missing_lines": 1, "excluded_lines": 0}, "missing_lines": [120], "excluded_lines": []}, "Logger.info": {"executed_lines": [124], "summary": {"covered_lines": 1, "num_statements": 1, "percent_covered": 100.0, "percent_covered_display": "100", "missing_lines": 0, "excluded_lines": 0}, "missing_lines": [], "excluded_lines": []}, "Logger.warning": {"executed_lines": [128], "summary": {"covered_lines": 1, "num_statements": 1, "percent_covered": 100.0, "percent_covered_display": "100", "missing_lines": 0, "excluded_lines": 0}, "missing_lines": [], "excluded_lines": []}, "Logger.error": {"executed_lines": [132], "summary": {"covered_lines": 1, "num_statements": 1, "percent_covered": 100.0, "percent_covered_display": "100", "missing_lines": 0, "excluded_lines": 0}, "missing_lines": [], "excluded_lines": []}, "Logger.critical": {"executed_lines": [136], "summary": {"covered_lines": 1, "num_statements": 1, "percent_covered": 100.0, "percent_covered_display": "100", "missing_lines": 0, "excluded_lines": 0}, "missing_lines": [], "excluded_lines": []}, "Logger.exception": {"executed_lines": [], "summary": {"covered_lines": 0, "num_statements": 1, "percent_covered": 0.0, "percent_covered_display": "0", "missing_lines": 1, "excluded_lines": 0}, "missing_lines": [140], "excluded_lines": []}, "get_logger": {"executed_lines": [161, 163, 165], "summary": {"covered_lines": 3, "num_statements": 3, "percent_covered": 100.0, "percent_covered_display": "100", "missing_lines": 0, "excluded_lines": 0}, "missing_lines": [], "excluded_lines": []}, "": {"executed_lines": [1, 2, 3, 4, 7, 8, 10, 109, 113, 117, 122, 126, 130, 134, 138, 143], "summary": {"covered_lines": 15, "num_statements": 15, "percent_covered": 100.0, "percent_covered_display": "100", "missing_lines": 0, "excluded_lines": 0}, "missing_lines": [], "excluded_lines": []}}, "classes": {"Logger": {"executed_lines": [26, 28, 31, 32, 33, 37, 40, 42, 45, 46, 47, 52, 55, 56, 57, 60, 61, 64, 65, 71, 77, 83, 84, 85, 86, 89, 91, 92, 95, 96, 99, 101, 102, 103, 105, 111, 115, 119, 124, 128, 132, 136], "summary": {"covered_lines": 42, "num_statements": 52, "percent_covered": 80.76923076923077, "percent_covered_display": "81", "missing_lines": 10, "excluded_lines": 0}, "missing_lines": [34, 35, 36, 38, 41, 43, 49, 66, 120, 140], "excluded_lines": []}, "": {"executed_lines": [1, 2, 3, 4, 7, 8, 10, 109, 113, 117, 122, 126, 130, 134, 138, 143, 161, 163, 165], "summary": {"covered_lines": 18, "num_statements": 18, "percent_covered": 100.0, "percent_covered_display": "100", "missing_lines": 0, "excluded_lines": 0}, "missing_lines": [], "excluded_lines": []}}}, "src/aider_mcp_server/atoms/security/__init__.py": {"executed_lines": [1, 7, 11, 13], "summary": {"covered_lines": 3, "num_statements": 3, "percent_covered": 100.0, "percent_covered_display": "100", "missing_lines": 0, "excluded_lines": 0}, "missing_lines": [], "excluded_lines": [], "functions": {"": {"executed_lines": [1, 7, 11, 13], "summary": {"covered_lines": 3, "num_statements": 3, "percent_covered": 100.0, "percent_covered_display": "100", "missing_lines": 0, "excluded_lines": 0}, "missing_lines": [], "excluded_lines": []}}, "classes": {"": {"executed_lines": [1, 7, 11, 13], "summary": {"covered_lines": 3, "num_statements": 3, "percent_covered": 100.0, "percent_covered_display": "100", "missing_lines": 0, "excluded_lines": 0}, "missing_lines": [], "excluded_lines": []}}}, "src/aider_mcp_server/atoms/security/context.py": {"executed_lines": [1, 8, 9, 11, 14, 17, 18, 25, 41, 42, 43, 46, 47, 48, 49, 50, 51, 52, 53, 54, 60, 63, 64, 65, 67, 88, 92, 96, 98, 99, 106], "summary": {"covered_lines": 29, "num_statements": 43, "percent_covered": 67.44186046511628, "percent_covered_display": "67", "missing_lines": 14, "excluded_lines": 0}, "missing_lines": [55, 57, 58, 77, 78, 80, 81, 82, 83, 84, 86, 90, 94, 100], "excluded_lines": [], "functions": {"SecurityContext.__init__": {"executed_lines": [41, 42, 43, 46, 47, 48, 49, 50, 51, 52, 53, 54, 60, 63, 64, 65], "summary": {"covered_lines": 16, "num_statements": 19, "percent_covered": 84.21052631578948, "percent_covered_display": "84", "missing_lines": 3, "excluded_lines": 0}, "missing_lines": [55, 57, 58], "excluded_lines": []}, "SecurityContext.has_permission": {"executed_lines": [], "summary": {"covered_lines": 0, "num_statements": 8, "percent_covered": 0.0, "percent_covered_display": "0", "missing_lines": 8, "excluded_lines": 0}, "missing_lines": [77, 78, 80, 81, 82, 83, 84, 86], "excluded_lines": []}, "SecurityContext.has_any_permission": {"executed_lines": [], "summary": {"covered_lines": 0, "num_statements": 1, "percent_covered": 0.0, "percent_covered_display": "0", "missing_lines": 1, "excluded_lines": 0}, "missing_lines": [90], "excluded_lines": []}, "SecurityContext.has_all_permissions": {"executed_lines": [], "summary": {"covered_lines": 0, "num_statements": 1, "percent_covered": 0.0, "percent_covered_display": "0", "missing_lines": 1, "excluded_lines": 0}, "missing_lines": [94], "excluded_lines": []}, "SecurityContext.__str__": {"executed_lines": [98, 99], "summary": {"covered_lines": 2, "num_statements": 3, "percent_covered": 66.66666666666667, "percent_covered_display": "67", "missing_lines": 1, "excluded_lines": 0}, "missing_lines": [100], "excluded_lines": []}, "": {"executed_lines": [1, 8, 9, 11, 14, 17, 18, 25, 67, 88, 92, 96, 106], "summary": {"covered_lines": 11, "num_statements": 11, "percent_covered": 100.0, "percent_covered_display": "100", "missing_lines": 0, "excluded_lines": 0}, "missing_lines": [], "excluded_lines": []}}, "classes": {"SecurityContext": {"executed_lines": [41, 42, 43, 46, 47, 48, 49, 50, 51, 52, 53, 54, 60, 63, 64, 65, 98, 99], "summary": {"covered_lines": 18, "num_statements": 32, "percent_covered": 56.25, "percent_covered_display": "56", "missing_lines": 14, "excluded_lines": 0}, "missing_lines": [55, 57, 58, 77, 78, 80, 81, 82, 83, 84, 86, 90, 94, 100], "excluded_lines": []}, "": {"executed_lines": [1, 8, 9, 11, 14, 17, 18, 25, 67, 88, 92, 96, 106], "summary": {"covered_lines": 11, "num_statements": 11, "percent_covered": 100.0, "percent_covered_display": "100", "missing_lines": 0, "excluded_lines": 0}, "missing_lines": [], "excluded_lines": []}}}, "src/aider_mcp_server/atoms/security/errors.py": {"executed_lines": [1, 6, 7, 9, 12, 13, 15, 18, 19, 21, 24, 25, 27, 30, 31, 33, 36, 37, 39], "summary": {"covered_lines": 12, "num_statements": 12, "percent_covered": 100.0, "percent_covered_display": "100", "missing_lines": 0, "excluded_lines": 0}, "missing_lines": [], "excluded_lines": [], "functions": {"": {"executed_lines": [1, 6, 7, 9, 12, 13, 15, 18, 19, 21, 24, 25, 27, 30, 31, 33, 36, 37, 39], "summary": {"covered_lines": 12, "num_statements": 12, "percent_covered": 100.0, "percent_covered_display": "100", "missing_lines": 0, "excluded_lines": 0}, "missing_lines": [], "excluded_lines": []}}, "classes": {"AuthenticationError": {"executed_lines": [], "summary": {"covered_lines": 0, "num_statements": 0, "percent_covered": 100.0, "percent_covered_display": "100", "missing_lines": 0, "excluded_lines": 0}, "missing_lines": [], "excluded_lines": []}, "InvalidCredentialsError": {"executed_lines": [], "summary": {"covered_lines": 0, "num_statements": 0, "percent_covered": 100.0, "percent_covered_display": "100", "missing_lines": 0, "excluded_lines": 0}, "missing_lines": [], "excluded_lines": []}, "TokenExpiredError": {"executed_lines": [], "summary": {"covered_lines": 0, "num_statements": 0, "percent_covered": 100.0, "percent_covered_display": "100", "missing_lines": 0, "excluded_lines": 0}, "missing_lines": [], "excluded_lines": []}, "TokenInvalidError": {"executed_lines": [], "summary": {"covered_lines": 0, "num_statements": 0, "percent_covered": 100.0, "percent_covered_display": "100", "missing_lines": 0, "excluded_lines": 0}, "missing_lines": [], "excluded_lines": []}, "PermissionDeniedError": {"executed_lines": [], "summary": {"covered_lines": 0, "num_statements": 0, "percent_covered": 100.0, "percent_covered_display": "100", "missing_lines": 0, "excluded_lines": 0}, "missing_lines": [], "excluded_lines": []}, "AuthenticationProviderError": {"executed_lines": [], "summary": {"covered_lines": 0, "num_statements": 0, "percent_covered": 100.0, "percent_covered_display": "100", "missing_lines": 0, "excluded_lines": 0}, "missing_lines": [], "excluded_lines": []}, "": {"executed_lines": [1, 6, 7, 9, 12, 13, 15, 18, 19, 21, 24, 25, 27, 30, 31, 33, 36, 37, 39], "summary": {"covered_lines": 12, "num_statements": 12, "percent_covered": 100.0, "percent_covered_display": "100", "missing_lines": 0, "excluded_lines": 0}, "missing_lines": [], "excluded_lines": []}}}, "src/aider_mcp_server/atoms/security/permissions.py": {"executed_lines": [1, 7, 8, 11, 12, 14, 15, 16, 17, 18, 20, 21, 23, 24, 25], "summary": {"covered_lines": 13, "num_statements": 14, "percent_covered": 92.85714285714286, "percent_covered_display": "93", "missing_lines": 1, "excluded_lines": 0}, "missing_lines": [26], "excluded_lines": [], "functions": {"Permissions.from_string": {"executed_lines": [23, 24, 25], "summary": {"covered_lines": 3, "num_statements": 4, "percent_covered": 75.0, "percent_covered_display": "75", "missing_lines": 1, "excluded_lines": 0}, "missing_lines": [26], "excluded_lines": []}, "": {"executed_lines": [1, 7, 8, 11, 12, 14, 15, 16, 17, 18, 20, 21], "summary": {"covered_lines": 10, "num_statements": 10, "percent_covered": 100.0, "percent_covered_display": "100", "missing_lines": 0, "excluded_lines": 0}, "missing_lines": [], "excluded_lines": []}}, "classes": {"Permissions": {"executed_lines": [23, 24, 25], "summary": {"covered_lines": 3, "num_statements": 4, "percent_covered": 75.0, "percent_covered_display": "75", "missing_lines": 1, "excluded_lines": 0}, "missing_lines": [26], "excluded_lines": []}, "": {"executed_lines": [1, 7, 8, 11, 12, 14, 15, 16, 17, 18, 20, 21], "summary": {"covered_lines": 10, "num_statements": 10, "percent_covered": 100.0, "percent_covered_display": "100", "missing_lines": 0, "excluded_lines": 0}, "missing_lines": [], "excluded_lines": []}}}, "src/aider_mcp_server/atoms/tools/__init__.py": {"executed_lines": [], "summary": {"covered_lines": 0, "num_statements": 0, "percent_covered": 100.0, "percent_covered_display": "100", "missing_lines": 0, "excluded_lines": 0}, "missing_lines": [], "excluded_lines": [], "functions": {"": {"executed_lines": [], "summary": {"covered_lines": 0, "num_statements": 0, "percent_covered": 100.0, "percent_covered_display": "100", "missing_lines": 0, "excluded_lines": 0}, "missing_lines": [], "excluded_lines": []}}, "classes": {"": {"executed_lines": [], "summary": {"covered_lines": 0, "num_statements": 0, "percent_covered": 100.0, "percent_covered_display": "100", "missing_lines": 0, "excluded_lines": 0}, "missing_lines": [], "excluded_lines": []}}}, "src/aider_mcp_server/atoms/types/__init__.py": {"executed_lines": [0], "summary": {"covered_lines": 0, "num_statements": 0, "percent_covered": 100.0, "percent_covered_display": "100", "missing_lines": 0, "excluded_lines": 0}, "missing_lines": [], "excluded_lines": [], "functions": {"": {"executed_lines": [], "summary": {"covered_lines": 0, "num_statements": 0, "percent_covered": 100.0, "percent_covered_display": "100", "missing_lines": 0, "excluded_lines": 0}, "missing_lines": [], "excluded_lines": []}}, "classes": {"": {"executed_lines": [], "summary": {"covered_lines": 0, "num_statements": 0, "percent_covered": 100.0, "percent_covered_display": "100", "missing_lines": 0, "excluded_lines": 0}, "missing_lines": [], "excluded_lines": []}}}, "src/aider_mcp_server/atoms/types/data_types.py": {"executed_lines": [1, 3, 5, 7, 11, 12, 14, 15, 18, 19, 21, 24, 25, 34, 35, 36, 38, 39, 40, 42, 43, 53, 54, 60, 68, 69, 71, 72, 73, 76, 77, 79, 83, 84, 86, 87, 90, 91, 93, 97, 98, 100, 103, 104, 106, 110], "summary": {"covered_lines": 37, "num_statements": 37, "percent_covered": 100.0, "percent_covered_display": "100", "missing_lines": 0, "excluded_lines": 0}, "missing_lines": [], "excluded_lines": [], "functions": {"MCPErrorResponse.message": {"executed_lines": [40], "summary": {"covered_lines": 1, "num_statements": 1, "percent_covered": 100.0, "percent_covered_display": "100", "missing_lines": 0, "excluded_lines": 0}, "missing_lines": [], "excluded_lines": []}, "MCPErrorResponse.from_exception": {"executed_lines": [53, 54, 60], "summary": {"covered_lines": 3, "num_statements": 3, "percent_covered": 100.0, "percent_covered_display": "100", "missing_lines": 0, "excluded_lines": 0}, "missing_lines": [], "excluded_lines": []}, "": {"executed_lines": [1, 3, 5, 7, 11, 12, 14, 15, 18, 19, 21, 24, 25, 34, 35, 36, 38, 39, 42, 43, 68, 69, 71, 72, 73, 76, 77, 79, 83, 84, 86, 87, 90, 91, 93, 97, 98, 100, 103, 104, 106, 110], "summary": {"covered_lines": 33, "num_statements": 33, "percent_covered": 100.0, "percent_covered_display": "100", "missing_lines": 0, "excluded_lines": 0}, "missing_lines": [], "excluded_lines": []}}, "classes": {"MCPRequest": {"executed_lines": [], "summary": {"covered_lines": 0, "num_statements": 0, "percent_covered": 100.0, "percent_covered_display": "100", "missing_lines": 0, "excluded_lines": 0}, "missing_lines": [], "excluded_lines": []}, "MCPResponse": {"executed_lines": [], "summary": {"covered_lines": 0, "num_statements": 0, "percent_covered": 100.0, "percent_covered_display": "100", "missing_lines": 0, "excluded_lines": 0}, "missing_lines": [], "excluded_lines": []}, "MCPErrorResponse": {"executed_lines": [40, 53, 54, 60], "summary": {"covered_lines": 4, "num_statements": 4, "percent_covered": 100.0, "percent_covered_display": "100", "missing_lines": 0, "excluded_lines": 0}, "missing_lines": [], "excluded_lines": []}, "AICodeParams": {"executed_lines": [], "summary": {"covered_lines": 0, "num_statements": 0, "percent_covered": 100.0, "percent_covered_display": "100", "missing_lines": 0, "excluded_lines": 0}, "missing_lines": [], "excluded_lines": []}, "ListModelsParams": {"executed_lines": [], "summary": {"covered_lines": 0, "num_statements": 0, "percent_covered": 100.0, "percent_covered_display": "100", "missing_lines": 0, "excluded_lines": 0}, "missing_lines": [], "excluded_lines": []}, "AICodeResponse": {"executed_lines": [], "summary": {"covered_lines": 0, "num_statements": 0, "percent_covered": 100.0, "percent_covered_display": "100", "missing_lines": 0, "excluded_lines": 0}, "missing_lines": [], "excluded_lines": []}, "ListModelsResponse": {"executed_lines": [], "summary": {"covered_lines": 0, "num_statements": 0, "percent_covered": 100.0, "percent_covered_display": "100", "missing_lines": 0, "excluded_lines": 0}, "missing_lines": [], "excluded_lines": []}, "AICodeRequest": {"executed_lines": [], "summary": {"covered_lines": 0, "num_statements": 0, "percent_covered": 100.0, "percent_covered_display": "100", "missing_lines": 0, "excluded_lines": 0}, "missing_lines": [], "excluded_lines": []}, "ListModelsRequest": {"executed_lines": [], "summary": {"covered_lines": 0, "num_statements": 0, "percent_covered": 100.0, "percent_covered_display": "100", "missing_lines": 0, "excluded_lines": 0}, "missing_lines": [], "excluded_lines": []}, "": {"executed_lines": [1, 3, 5, 7, 11, 12, 14, 15, 18, 19, 21, 24, 25, 34, 35, 36, 38, 39, 42, 43, 68, 69, 71, 72, 73, 76, 77, 79, 83, 84, 86, 87, 90, 91, 93, 97, 98, 100, 103, 104, 106, 110], "summary": {"covered_lines": 33, "num_statements": 33, "percent_covered": 100.0, "percent_covered_display": "100", "missing_lines": 0, "excluded_lines": 0}, "missing_lines": [], "excluded_lines": []}}}, "src/aider_mcp_server/atoms/types/event_types.py": {"executed_lines": [1, 4, 5, 10, 11, 12, 13, 16, 17, 18, 19, 20, 21, 24, 25, 26], "summary": {"covered_lines": 15, "num_statements": 15, "percent_covered": 100.0, "percent_covered_display": "100", "missing_lines": 0, "excluded_lines": 0}, "missing_lines": [], "excluded_lines": [], "functions": {"": {"executed_lines": [1, 4, 5, 10, 11, 12, 13, 16, 17, 18, 19, 20, 21, 24, 25, 26], "summary": {"covered_lines": 15, "num_statements": 15, "percent_covered": 100.0, "percent_covered_display": "100", "missing_lines": 0, "excluded_lines": 0}, "missing_lines": [], "excluded_lines": []}}, "classes": {"EventTypes": {"executed_lines": [], "summary": {"covered_lines": 0, "num_statements": 0, "percent_covered": 100.0, "percent_covered_display": "100", "missing_lines": 0, "excluded_lines": 0}, "missing_lines": [], "excluded_lines": []}, "": {"executed_lines": [1, 4, 5, 10, 11, 12, 13, 16, 17, 18, 19, 20, 21, 24, 25, 26], "summary": {"covered_lines": 15, "num_statements": 15, "percent_covered": 100.0, "percent_covered_display": "100", "missing_lines": 0, "excluded_lines": 0}, "missing_lines": [], "excluded_lines": []}}}, "src/aider_mcp_server/atoms/types/internal_types.py": {"executed_lines": [1, 6, 7, 9, 11, 14, 15, 19, 20, 21, 24, 25, 29, 30, 31, 32, 35, 36, 40, 41, 42, 45, 46, 50, 51, 52, 53, 54, 57, 58, 62, 63, 64, 65, 69, 76], "summary": {"covered_lines": 30, "num_statements": 32, "percent_covered": 93.75, "percent_covered_display": "94", "missing_lines": 2, "excluded_lines": 0}, "missing_lines": [73, 80], "excluded_lines": [], "functions": {"to_internal_event": {"executed_lines": [], "summary": {"covered_lines": 0, "num_statements": 1, "percent_covered": 0.0, "percent_covered_display": "0", "missing_lines": 1, "excluded_lines": 0}, "missing_lines": [73], "excluded_lines": []}, "from_internal_event": {"executed_lines": [], "summary": {"covered_lines": 0, "num_statements": 1, "percent_covered": 0.0, "percent_covered_display": "0", "missing_lines": 1, "excluded_lines": 0}, "missing_lines": [80], "excluded_lines": []}, "": {"executed_lines": [1, 6, 7, 9, 11, 14, 15, 19, 20, 21, 24, 25, 29, 30, 31, 32, 35, 36, 40, 41, 42, 45, 46, 50, 51, 52, 53, 54, 57, 58, 62, 63, 64, 65, 69, 76], "summary": {"covered_lines": 30, "num_statements": 30, "percent_covered": 100.0, "percent_covered_display": "100", "missing_lines": 0, "excluded_lines": 0}, "missing_lines": [], "excluded_lines": []}}, "classes": {"ErrorContext": {"executed_lines": [], "summary": {"covered_lines": 0, "num_statements": 0, "percent_covered": 100.0, "percent_covered_display": "100", "missing_lines": 0, "excluded_lines": 0}, "missing_lines": [], "excluded_lines": []}, "InternalEvent": {"executed_lines": [], "summary": {"covered_lines": 0, "num_statements": 0, "percent_covered": 100.0, "percent_covered_display": "100", "missing_lines": 0, "excluded_lines": 0}, "missing_lines": [], "excluded_lines": []}, "InternalErrorEvent": {"executed_lines": [], "summary": {"covered_lines": 0, "num_statements": 0, "percent_covered": 100.0, "percent_covered_display": "100", "missing_lines": 0, "excluded_lines": 0}, "missing_lines": [], "excluded_lines": []}, "InternalRequest": {"executed_lines": [], "summary": {"covered_lines": 0, "num_statements": 0, "percent_covered": 100.0, "percent_covered_display": "100", "missing_lines": 0, "excluded_lines": 0}, "missing_lines": [], "excluded_lines": []}, "InternalResponse": {"executed_lines": [], "summary": {"covered_lines": 0, "num_statements": 0, "percent_covered": 100.0, "percent_covered_display": "100", "missing_lines": 0, "excluded_lines": 0}, "missing_lines": [], "excluded_lines": []}, "": {"executed_lines": [1, 6, 7, 9, 11, 14, 15, 19, 20, 21, 24, 25, 29, 30, 31, 32, 35, 36, 40, 41, 42, 45, 46, 50, 51, 52, 53, 54, 57, 58, 62, 63, 64, 65, 69, 76], "summary": {"covered_lines": 30, "num_statements": 32, "percent_covered": 93.75, "percent_covered_display": "94", "missing_lines": 2, "excluded_lines": 0}, "missing_lines": [73, 80], "excluded_lines": []}}}, "src/aider_mcp_server/atoms/types/mcp_types.py": {"executed_lines": [1, 9, 10, 13, 27, 31, 36, 37, 38, 43, 44, 45, 47, 48, 49, 50, 51, 52, 53, 60, 63, 65, 68, 69, 70, 72, 73, 75, 76, 77, 85, 88, 91, 94, 97, 100, 103, 108, 109, 111, 112, 113, 116, 117, 119, 122, 123, 125, 126, 130, 135, 136, 138, 139, 140, 141, 144, 145, 147, 148, 149, 150, 151, 152, 153], "summary": {"covered_lines": 57, "num_statements": 59, "percent_covered": 96.61016949152543, "percent_covered_display": "97", "missing_lines": 2, "excluded_lines": 0}, "missing_lines": [32, 61], "excluded_lines": [], "functions": {"LoggerProtocol.debug": {"executed_lines": [47], "summary": {"covered_lines": 1, "num_statements": 1, "percent_covered": 100.0, "percent_covered_display": "100", "missing_lines": 0, "excluded_lines": 0}, "missing_lines": [], "excluded_lines": []}, "LoggerProtocol.info": {"executed_lines": [48], "summary": {"covered_lines": 1, "num_statements": 1, "percent_covered": 100.0, "percent_covered_display": "100", "missing_lines": 0, "excluded_lines": 0}, "missing_lines": [], "excluded_lines": []}, "LoggerProtocol.warning": {"executed_lines": [49], "summary": {"covered_lines": 1, "num_statements": 1, "percent_covered": 100.0, "percent_covered_display": "100", "missing_lines": 0, "excluded_lines": 0}, "missing_lines": [], "excluded_lines": []}, "LoggerProtocol.error": {"executed_lines": [50], "summary": {"covered_lines": 1, "num_statements": 1, "percent_covered": 100.0, "percent_covered_display": "100", "missing_lines": 0, "excluded_lines": 0}, "missing_lines": [], "excluded_lines": []}, "LoggerProtocol.critical": {"executed_lines": [51], "summary": {"covered_lines": 1, "num_statements": 1, "percent_covered": 100.0, "percent_covered_display": "100", "missing_lines": 0, "excluded_lines": 0}, "missing_lines": [], "excluded_lines": []}, "LoggerProtocol.exception": {"executed_lines": [52], "summary": {"covered_lines": 1, "num_statements": 1, "percent_covered": 100.0, "percent_covered_display": "100", "missing_lines": 0, "excluded_lines": 0}, "missing_lines": [], "excluded_lines": []}, "LoggerProtocol.verbose": {"executed_lines": [53], "summary": {"covered_lines": 1, "num_statements": 1, "percent_covered": 100.0, "percent_covered_display": "100", "missing_lines": 0, "excluded_lines": 0}, "missing_lines": [], "excluded_lines": []}, "Shutdownable.get_transport_id": {"executed_lines": [72], "summary": {"covered_lines": 1, "num_statements": 1, "percent_covered": 100.0, "percent_covered_display": "100", "missing_lines": 0, "excluded_lines": 0}, "missing_lines": [], "excluded_lines": []}, "Shutdownable.get_transport_type": {"executed_lines": [73], "summary": {"covered_lines": 1, "num_statements": 1, "percent_covered": 100.0, "percent_covered_display": "100", "missing_lines": 0, "excluded_lines": 0}, "missing_lines": [], "excluded_lines": []}, "Shutdownable.shutdown": {"executed_lines": [75], "summary": {"covered_lines": 1, "num_statements": 1, "percent_covered": 100.0, "percent_covered_display": "100", "missing_lines": 0, "excluded_lines": 0}, "missing_lines": [], "excluded_lines": []}, "Shutdownable.initialize": {"executed_lines": [76], "summary": {"covered_lines": 1, "num_statements": 1, "percent_covered": 100.0, "percent_covered_display": "100", "missing_lines": 0, "excluded_lines": 0}, "missing_lines": [], "excluded_lines": []}, "Shutdownable.start_listening": {"executed_lines": [77], "summary": {"covered_lines": 1, "num_statements": 1, "percent_covered": 100.0, "percent_covered_display": "100", "missing_lines": 0, "excluded_lines": 0}, "missing_lines": [], "excluded_lines": []}, "": {"executed_lines": [1, 9, 10, 13, 27, 31, 36, 37, 38, 43, 44, 45, 60, 63, 65, 68, 69, 70, 85, 88, 91, 94, 97, 100, 103, 108, 109, 111, 112, 113, 116, 117, 119, 122, 123, 125, 126, 130, 135, 136, 138, 139, 140, 141, 144, 145, 147, 148, 149, 150, 151, 152, 153], "summary": {"covered_lines": 45, "num_statements": 47, "percent_covered": 95.74468085106383, "percent_covered_display": "96", "missing_lines": 2, "excluded_lines": 0}, "missing_lines": [32, 61], "excluded_lines": []}}, "classes": {"LoggerProtocol": {"executed_lines": [47, 48, 49, 50, 51, 52, 53], "summary": {"covered_lines": 7, "num_statements": 7, "percent_covered": 100.0, "percent_covered_display": "100", "missing_lines": 0, "excluded_lines": 0}, "missing_lines": [], "excluded_lines": []}, "Shutdownable": {"executed_lines": [72, 73, 75, 76, 77], "summary": {"covered_lines": 5, "num_statements": 5, "percent_covered": 100.0, "percent_covered_display": "100", "missing_lines": 0, "excluded_lines": 0}, "missing_lines": [], "excluded_lines": []}, "MCPRequest": {"executed_lines": [], "summary": {"covered_lines": 0, "num_statements": 0, "percent_covered": 100.0, "percent_covered_display": "100", "missing_lines": 0, "excluded_lines": 0}, "missing_lines": [], "excluded_lines": []}, "MCPResponse": {"executed_lines": [], "summary": {"covered_lines": 0, "num_statements": 0, "percent_covered": 100.0, "percent_covered_display": "100", "missing_lines": 0, "excluded_lines": 0}, "missing_lines": [], "excluded_lines": []}, "MCPErrorResponse": {"executed_lines": [], "summary": {"covered_lines": 0, "num_statements": 0, "percent_covered": 100.0, "percent_covered_display": "100", "missing_lines": 0, "excluded_lines": 0}, "missing_lines": [], "excluded_lines": []}, "ResultStatus": {"executed_lines": [], "summary": {"covered_lines": 0, "num_statements": 0, "percent_covered": 100.0, "percent_covered_display": "100", "missing_lines": 0, "excluded_lines": 0}, "missing_lines": [], "excluded_lines": []}, "ProgressUpdate": {"executed_lines": [], "summary": {"covered_lines": 0, "num_statements": 0, "percent_covered": 100.0, "percent_covered_display": "100", "missing_lines": 0, "excluded_lines": 0}, "missing_lines": [], "excluded_lines": []}, "": {"executed_lines": [1, 9, 10, 13, 27, 31, 36, 37, 38, 43, 44, 45, 60, 63, 65, 68, 69, 70, 85, 88, 91, 94, 97, 100, 103, 108, 109, 111, 112, 113, 116, 117, 119, 122, 123, 125, 126, 130, 135, 136, 138, 139, 140, 141, 144, 145, 147, 148, 149, 150, 151, 152, 153], "summary": {"covered_lines": 45, "num_statements": 47, "percent_covered": 95.74468085106383, "percent_covered_display": "96", "missing_lines": 2, "excluded_lines": 0}, "missing_lines": [32, 61], "excluded_lines": []}}}, "src/aider_mcp_server/atoms/types/streaming_types.py": {"executed_lines": [1, 8, 9, 12, 13, 15, 16, 17, 18, 21, 22, 24, 25, 26, 27, 28, 29, 32, 33, 35, 36, 37, 38, 39, 40, 41, 44, 45, 47, 48, 49, 50, 51, 52, 53, 54, 55, 56, 57, 60, 61, 63, 64, 65, 66, 67, 68, 69, 72, 73, 75, 76, 77, 78, 79, 80, 81, 82, 86], "summary": {"covered_lines": 52, "num_statements": 52, "percent_covered": 100.0, "percent_covered_display": "100", "missing_lines": 0, "excluded_lines": 0}, "missing_lines": [], "excluded_lines": [], "functions": {"": {"executed_lines": [1, 8, 9, 12, 13, 15, 16, 17, 18, 21, 22, 24, 25, 26, 27, 28, 29, 32, 33, 35, 36, 37, 38, 39, 40, 41, 44, 45, 47, 48, 49, 50, 51, 52, 53, 54, 55, 56, 57, 60, 61, 63, 64, 65, 66, 67, 68, 69, 72, 73, 75, 76, 77, 78, 79, 80, 81, 82, 86], "summary": {"covered_lines": 52, "num_statements": 52, "percent_covered": 100.0, "percent_covered_display": "100", "missing_lines": 0, "excluded_lines": 0}, "missing_lines": [], "excluded_lines": []}}, "classes": {"ChangeType": {"executed_lines": [], "summary": {"covered_lines": 0, "num_statements": 0, "percent_covered": 100.0, "percent_covered_display": "100", "missing_lines": 0, "excluded_lines": 0}, "missing_lines": [], "excluded_lines": []}, "OperationType": {"executed_lines": [], "summary": {"covered_lines": 0, "num_statements": 0, "percent_covered": 100.0, "percent_covered_display": "100", "missing_lines": 0, "excluded_lines": 0}, "missing_lines": [], "excluded_lines": []}, "FileChangesSummary": {"executed_lines": [], "summary": {"covered_lines": 0, "num_statements": 0, "percent_covered": 100.0, "percent_covered_display": "100", "missing_lines": 0, "excluded_lines": 0}, "missing_lines": [], "excluded_lines": []}, "AiderChangesSummary": {"executed_lines": [], "summary": {"covered_lines": 0, "num_statements": 0, "percent_covered": 100.0, "percent_covered_display": "100", "missing_lines": 0, "excluded_lines": 0}, "missing_lines": [], "excluded_lines": []}, "AiderFileProgress": {"executed_lines": [], "summary": {"covered_lines": 0, "num_statements": 0, "percent_covered": 100.0, "percent_covered_display": "100", "missing_lines": 0, "excluded_lines": 0}, "missing_lines": [], "excluded_lines": []}, "AiderOperationStatus": {"executed_lines": [], "summary": {"covered_lines": 0, "num_statements": 0, "percent_covered": 100.0, "percent_covered_display": "100", "missing_lines": 0, "excluded_lines": 0}, "missing_lines": [], "excluded_lines": []}, "": {"executed_lines": [1, 8, 9, 12, 13, 15, 16, 17, 18, 21, 22, 24, 25, 26, 27, 28, 29, 32, 33, 35, 36, 37, 38, 39, 40, 41, 44, 45, 47, 48, 49, 50, 51, 52, 53, 54, 55, 56, 57, 60, 61, 63, 64, 65, 66, 67, 68, 69, 72, 73, 75, 76, 77, 78, 79, 80, 81, 82, 86], "summary": {"covered_lines": 52, "num_statements": 52, "percent_covered": 100.0, "percent_covered_display": "100", "missing_lines": 0, "excluded_lines": 0}, "missing_lines": [], "excluded_lines": []}}}, "src/aider_mcp_server/atoms/utils/__init__.py": {"executed_lines": [1, 8, 14], "summary": {"covered_lines": 2, "num_statements": 2, "percent_covered": 100.0, "percent_covered_display": "100", "missing_lines": 0, "excluded_lines": 0}, "missing_lines": [], "excluded_lines": [], "functions": {"": {"executed_lines": [1, 8, 14], "summary": {"covered_lines": 2, "num_statements": 2, "percent_covered": 100.0, "percent_covered_display": "100", "missing_lines": 0, "excluded_lines": 0}, "missing_lines": [], "excluded_lines": []}}, "classes": {"": {"executed_lines": [1, 8, 14], "summary": {"covered_lines": 2, "num_statements": 2, "percent_covered": 100.0, "percent_covered_display": "100", "missing_lines": 0, "excluded_lines": 0}, "missing_lines": [], "excluded_lines": []}}}, "src/aider_mcp_server/atoms/utils/config_constants.py": {"executed_lines": [1, 9, 12, 15], "summary": {"covered_lines": 3, "num_statements": 3, "percent_covered": 100.0, "percent_covered_display": "100", "missing_lines": 0, "excluded_lines": 0}, "missing_lines": [], "excluded_lines": [], "functions": {"": {"executed_lines": [1, 9, 12, 15], "summary": {"covered_lines": 3, "num_statements": 3, "percent_covered": 100.0, "percent_covered_display": "100", "missing_lines": 0, "excluded_lines": 0}, "missing_lines": [], "excluded_lines": []}}, "classes": {"": {"executed_lines": [1, 9, 12, 15], "summary": {"covered_lines": 3, "num_statements": 3, "percent_covered": 100.0, "percent_covered_display": "100", "missing_lines": 0, "excluded_lines": 0}, "missing_lines": [], "excluded_lines": []}}}, "src/aider_mcp_server/atoms/utils/diff_cache.py": {"executed_lines": [1, 2, 3, 4, 5, 6, 8, 12, 14, 16, 17, 21, 24, 25, 31, 45, 46, 47, 51, 52, 54, 62, 63, 64, 66, 68, 69, 71, 73, 74, 76, 80, 81, 82, 84, 86, 88, 90, 91, 92, 94, 95, 96, 98, 100, 101, 102, 103, 105, 114, 115, 117, 118, 119, 120, 121, 122, 124, 126, 127, 128, 129, 134, 135, 141, 143, 144, 145, 146, 149, 155, 157, 158, 161, 162, 163, 169, 171, 173, 174, 175, 176, 178, 179, 181, 182, 184, 186, 187, 188, 189, 190, 192, 213, 214, 215, 216, 218, 219, 220, 221, 223, 225, 227, 233, 235, 238, 240, 243, 244, 246, 247, 248, 258, 259, 260, 262, 263, 264, 268, 274, 279, 281, 284, 286, 288, 295, 296, 297, 298, 299, 300, 302, 303, 304, 306, 350, 351, 352, 353, 354, 356, 358, 359, 360, 362, 372, 374, 376, 377, 379, 381], "summary": {"covered_lines": 151, "num_statements": 169, "percent_covered": 89.3491124260355, "percent_covered_display": "89", "missing_lines": 18, "excluded_lines": 0}, "missing_lines": [139, 150, 151, 228, 229, 230, 250, 251, 270, 271, 363, 365, 366, 367, 368, 369, 370, 371], "excluded_lines": [], "functions": {"get_object_size": {"executed_lines": [14, 16, 17, 21], "summary": {"covered_lines": 4, "num_statements": 4, "percent_covered": 100.0, "percent_covered_display": "100", "missing_lines": 0, "excluded_lines": 0}, "missing_lines": [], "excluded_lines": []}, "DiffCache.__init__": {"executed_lines": [45, 46, 47, 51, 52, 54, 62, 63, 64], "summary": {"covered_lines": 9, "num_statements": 9, "percent_covered": 100.0, "percent_covered_display": "100", "missing_lines": 0, "excluded_lines": 0}, "missing_lines": [], "excluded_lines": []}, "DiffCache.start": {"executed_lines": [68, 69], "summary": {"covered_lines": 2, "num_statements": 2, "percent_covered": 100.0, "percent_covered_display": "100", "missing_lines": 0, "excluded_lines": 0}, "missing_lines": [], "excluded_lines": []}, "DiffCache._cleanup_loop": {"executed_lines": [73, 74, 76, 80, 81, 82, 84, 86], "summary": {"covered_lines": 8, "num_statements": 8, "percent_covered": 100.0, "percent_covered_display": "100", "missing_lines": 0, "excluded_lines": 0}, "missing_lines": [], "excluded_lines": []}, "DiffCache._perform_cleanup": {"executed_lines": [90, 91, 92, 94, 95, 96, 98, 100, 101, 102, 103], "summary": {"covered_lines": 11, "num_statements": 11, "percent_covered": 100.0, "percent_covered_display": "100", "missing_lines": 0, "excluded_lines": 0}, "missing_lines": [], "excluded_lines": []}, "DiffCache._recursive_diff": {"executed_lines": [114, 115, 117, 118, 119, 120, 121, 122, 124, 126, 127, 128, 129, 134, 135], "summary": {"covered_lines": 15, "num_statements": 16, "percent_covered": 93.75, "percent_covered_display": "94", "missing_lines": 1, "excluded_lines": 0}, "missing_lines": [139], "excluded_lines": []}, "DiffCache.set": {"executed_lines": [143, 144, 145, 146, 149, 155, 157, 158, 161, 162, 163, 169], "summary": {"covered_lines": 12, "num_statements": 14, "percent_covered": 85.71428571428571, "percent_covered_display": "86", "missing_lines": 2, "excluded_lines": 0}, "missing_lines": [150, 151], "excluded_lines": []}, "DiffCache.get": {"executed_lines": [173, 174, 175, 176, 178, 179, 181, 182, 184, 186, 187, 188, 189, 190], "summary": {"covered_lines": 14, "num_statements": 14, "percent_covered": 100.0, "percent_covered_display": "100", "missing_lines": 0, "excluded_lines": 0}, "missing_lines": [], "excluded_lines": []}, "DiffCache.compare_and_cache": {"executed_lines": [213, 214, 215, 216, 218, 219, 220, 221, 223, 225, 227, 233, 235, 238, 240, 243, 244, 246, 247, 248, 258, 259, 260, 262, 263, 264, 268, 274, 279, 281, 284, 286], "summary": {"covered_lines": 32, "num_statements": 39, "percent_covered": 82.05128205128206, "percent_covered_display": "82", "missing_lines": 7, "excluded_lines": 0}, "missing_lines": [228, 229, 230, 250, 251, 270, 271], "excluded_lines": []}, "DiffCache.clear": {"executed_lines": [295, 296, 297, 298, 299, 300, 302, 303, 304], "summary": {"covered_lines": 9, "num_statements": 9, "percent_covered": 100.0, "percent_covered_display": "100", "missing_lines": 0, "excluded_lines": 0}, "missing_lines": [], "excluded_lines": []}, "DiffCache.get_stats": {"executed_lines": [350, 351, 352, 353, 354], "summary": {"covered_lines": 5, "num_statements": 5, "percent_covered": 100.0, "percent_covered_display": "100", "missing_lines": 0, "excluded_lines": 0}, "missing_lines": [], "excluded_lines": []}, "DiffCache.shutdown": {"executed_lines": [358, 359, 360, 362, 372], "summary": {"covered_lines": 5, "num_statements": 13, "percent_covered": 38.46153846153846, "percent_covered_display": "38", "missing_lines": 8, "excluded_lines": 0}, "missing_lines": [363, 365, 366, 367, 368, 369, 370, 371], "excluded_lines": []}, "DiffCache.__aenter__": {"executed_lines": [376, 377], "summary": {"covered_lines": 2, "num_statements": 2, "percent_covered": 100.0, "percent_covered_display": "100", "missing_lines": 0, "excluded_lines": 0}, "missing_lines": [], "excluded_lines": []}, "DiffCache.__aexit__": {"executed_lines": [381], "summary": {"covered_lines": 1, "num_statements": 1, "percent_covered": 100.0, "percent_covered_display": "100", "missing_lines": 0, "excluded_lines": 0}, "missing_lines": [], "excluded_lines": []}, "": {"executed_lines": [1, 2, 3, 4, 5, 6, 8, 12, 24, 25, 31, 66, 71, 88, 105, 141, 171, 192, 288, 306, 356, 374, 379], "summary": {"covered_lines": 22, "num_statements": 22, "percent_covered": 100.0, "percent_covered_display": "100", "missing_lines": 0, "excluded_lines": 0}, "missing_lines": [], "excluded_lines": []}}, "classes": {"DiffCache": {"executed_lines": [45, 46, 47, 51, 52, 54, 62, 63, 64, 68, 69, 73, 74, 76, 80, 81, 82, 84, 86, 90, 91, 92, 94, 95, 96, 98, 100, 101, 102, 103, 114, 115, 117, 118, 119, 120, 121, 122, 124, 126, 127, 128, 129, 134, 135, 143, 144, 145, 146, 149, 155, 157, 158, 161, 162, 163, 169, 173, 174, 175, 176, 178, 179, 181, 182, 184, 186, 187, 188, 189, 190, 213, 214, 215, 216, 218, 219, 220, 221, 223, 225, 227, 233, 235, 238, 240, 243, 244, 246, 247, 248, 258, 259, 260, 262, 263, 264, 268, 274, 279, 281, 284, 286, 295, 296, 297, 298, 299, 300, 302, 303, 304, 350, 351, 352, 353, 354, 358, 359, 360, 362, 372, 376, 377, 381], "summary": {"covered_lines": 125, "num_statements": 143, "percent_covered": 87.41258741258741, "percent_covered_display": "87", "missing_lines": 18, "excluded_lines": 0}, "missing_lines": [139, 150, 151, 228, 229, 230, 250, 251, 270, 271, 363, 365, 366, 367, 368, 369, 370, 371], "excluded_lines": []}, "": {"executed_lines": [1, 2, 3, 4, 5, 6, 8, 12, 14, 16, 17, 21, 24, 25, 31, 66, 71, 88, 105, 141, 171, 192, 288, 306, 356, 374, 379], "summary": {"covered_lines": 26, "num_statements": 26, "percent_covered": 100.0, "percent_covered_display": "100", "missing_lines": 0, "excluded_lines": 0}, "missing_lines": [], "excluded_lines": []}}}, "src/aider_mcp_server/atoms/utils/fallback_config.py": {"executed_lines": [1, 2, 3, 4, 7, 8, 9, 10, 11, 12, 16, 41, 43, 51, 52, 53, 54, 55, 57, 58, 59, 60, 61, 66, 77, 80, 84, 87, 88, 91, 102, 106, 107, 108, 109, 110, 113, 124, 127, 128, 129, 130, 131, 132, 135, 145, 156, 160, 163, 167, 168, 169, 170, 172, 173, 175], "summary": {"covered_lines": 56, "num_statements": 65, "percent_covered": 86.15384615384616, "percent_covered_display": "86", "missing_lines": 9, "excluded_lines": 0}, "missing_lines": [62, 63, 81, 85, 104, 125, 142, 157, 164], "excluded_lines": [], "functions": {"detect_rate_limit_error": {"executed_lines": [77, 80, 84, 87, 88], "summary": {"covered_lines": 5, "num_statements": 7, "percent_covered": 71.42857142857143, "percent_covered_display": "71", "missing_lines": 2, "excluded_lines": 0}, "missing_lines": [81, 85], "excluded_lines": []}, "get_retry_delay": {"executed_lines": [102, 106, 107, 108, 109, 110], "summary": {"covered_lines": 6, "num_statements": 7, "percent_covered": 85.71428571428571, "percent_covered_display": "86", "missing_lines": 1, "excluded_lines": 0}, "missing_lines": [104], "excluded_lines": []}, "handle_rate_limit": {"executed_lines": [124, 127, 128, 129, 130, 131, 132], "summary": {"covered_lines": 7, "num_statements": 8, "percent_covered": 87.5, "percent_covered_display": "88", "missing_lines": 1, "excluded_lines": 0}, "missing_lines": [125], "excluded_lines": []}, "apply_rate_limit_delay": {"executed_lines": [], "summary": {"covered_lines": 0, "num_statements": 1, "percent_covered": 0.0, "percent_covered_display": "0", "missing_lines": 1, "excluded_lines": 0}, "missing_lines": [142], "excluded_lines": []}, "get_fallback_model": {"executed_lines": [156, 160, 163, 167, 168, 169, 170, 172, 173, 175], "summary": {"covered_lines": 10, "num_statements": 12, "percent_covered": 83.33333333333333, "percent_covered_display": "83", "missing_lines": 2, "excluded_lines": 0}, "missing_lines": [157, 164], "excluded_lines": []}, "": {"executed_lines": [1, 2, 3, 4, 7, 8, 9, 10, 11, 12, 16, 41, 43, 51, 52, 53, 54, 55, 57, 58, 59, 60, 61, 66, 91, 113, 135, 145], "summary": {"covered_lines": 28, "num_statements": 30, "percent_covered": 93.33333333333333, "percent_covered_display": "93", "missing_lines": 2, "excluded_lines": 0}, "missing_lines": [62, 63], "excluded_lines": []}}, "classes": {"ProviderConfig": {"executed_lines": [], "summary": {"covered_lines": 0, "num_statements": 0, "percent_covered": 100.0, "percent_covered_display": "100", "missing_lines": 0, "excluded_lines": 0}, "missing_lines": [], "excluded_lines": []}, "": {"executed_lines": [1, 2, 3, 4, 7, 8, 9, 10, 11, 12, 16, 41, 43, 51, 52, 53, 54, 55, 57, 58, 59, 60, 61, 66, 77, 80, 84, 87, 88, 91, 102, 106, 107, 108, 109, 110, 113, 124, 127, 128, 129, 130, 131, 132, 135, 145, 156, 160, 163, 167, 168, 169, 170, 172, 173, 175], "summary": {"covered_lines": 56, "num_statements": 65, "percent_covered": 86.15384615384616, "percent_covered_display": "86", "missing_lines": 9, "excluded_lines": 0}, "missing_lines": [62, 63, 81, 85, 104, 125, 142, 157, 164], "excluded_lines": []}}}, "src/aider_mcp_server/interfaces/__init__.py": {"executed_lines": [1, 8, 11, 16, 20, 21, 22, 23, 24, 25, 30], "summary": {"covered_lines": 10, "num_statements": 10, "percent_covered": 100.0, "percent_covered_display": "100", "missing_lines": 0, "excluded_lines": 0}, "missing_lines": [], "excluded_lines": [], "functions": {"": {"executed_lines": [1, 8, 11, 16, 20, 21, 22, 23, 24, 25, 30], "summary": {"covered_lines": 10, "num_statements": 10, "percent_covered": 100.0, "percent_covered_display": "100", "missing_lines": 0, "excluded_lines": 0}, "missing_lines": [], "excluded_lines": []}}, "classes": {"": {"executed_lines": [1, 8, 11, 16, 20, 21, 22, 23, 24, 25, 30], "summary": {"covered_lines": 10, "num_statements": 10, "percent_covered": 100.0, "percent_covered_display": "100", "missing_lines": 0, "excluded_lines": 0}, "missing_lines": [], "excluded_lines": []}}}, "src/aider_mcp_server/interfaces/application_coordinator.py": {"executed_lines": [1, 5, 7, 9, 10, 14, 17, 18, 19, 24, 28, 32, 42, 51, 63, 79], "summary": {"covered_lines": 14, "num_statements": 21, "percent_covered": 66.66666666666667, "percent_covered_display": "67", "missing_lines": 7, "excluded_lines": 0}, "missing_lines": [26, 30, 40, 49, 61, 77, 89], "excluded_lines": [], "functions": {"IApplicationCoordinator.startup": {"executed_lines": [], "summary": {"covered_lines": 0, "num_statements": 1, "percent_covered": 0.0, "percent_covered_display": "0", "missing_lines": 1, "excluded_lines": 0}, "missing_lines": [26], "excluded_lines": []}, "IApplicationCoordinator.shutdown": {"executed_lines": [], "summary": {"covered_lines": 0, "num_statements": 1, "percent_covered": 0.0, "percent_covered_display": "0", "missing_lines": 1, "excluded_lines": 0}, "missing_lines": [30], "excluded_lines": []}, "IApplicationCoordinator.register_transport": {"executed_lines": [], "summary": {"covered_lines": 0, "num_statements": 1, "percent_covered": 0.0, "percent_covered_display": "0", "missing_lines": 1, "excluded_lines": 0}, "missing_lines": [40], "excluded_lines": []}, "IApplicationCoordinator.unregister_transport": {"executed_lines": [], "summary": {"covered_lines": 0, "num_statements": 1, "percent_covered": 0.0, "percent_covered_display": "0", "missing_lines": 1, "excluded_lines": 0}, "missing_lines": [49], "excluded_lines": []}, "IApplicationCoordinator.get_transport": {"executed_lines": [], "summary": {"covered_lines": 0, "num_statements": 1, "percent_covered": 0.0, "percent_covered_display": "0", "missing_lines": 1, "excluded_lines": 0}, "missing_lines": [61], "excluded_lines": []}, "IApplicationCoordinator.broadcast_event": {"executed_lines": [], "summary": {"covered_lines": 0, "num_statements": 1, "percent_covered": 0.0, "percent_covered_display": "0", "missing_lines": 1, "excluded_lines": 0}, "missing_lines": [77], "excluded_lines": []}, "IApplicationCoordinator.process_request": {"executed_lines": [], "summary": {"covered_lines": 0, "num_statements": 1, "percent_covered": 0.0, "percent_covered_display": "0", "missing_lines": 1, "excluded_lines": 0}, "missing_lines": [89], "excluded_lines": []}, "": {"executed_lines": [1, 5, 7, 9, 10, 14, 17, 18, 19, 24, 28, 32, 42, 51, 63, 79], "summary": {"covered_lines": 14, "num_statements": 14, "percent_covered": 100.0, "percent_covered_display": "100", "missing_lines": 0, "excluded_lines": 0}, "missing_lines": [], "excluded_lines": []}}, "classes": {"IApplicationCoordinator": {"executed_lines": [], "summary": {"covered_lines": 0, "num_statements": 7, "percent_covered": 0.0, "percent_covered_display": "0", "missing_lines": 7, "excluded_lines": 0}, "missing_lines": [26, 30, 40, 49, 61, 77, 89], "excluded_lines": []}, "": {"executed_lines": [1, 5, 7, 9, 10, 14, 17, 18, 19, 24, 28, 32, 42, 51, 63, 79], "summary": {"covered_lines": 14, "num_statements": 14, "percent_covered": 100.0, "percent_covered_display": "100", "missing_lines": 0, "excluded_lines": 0}, "missing_lines": [], "excluded_lines": []}}}, "src/aider_mcp_server/interfaces/authentication_provider.py": {"executed_lines": [1, 8, 9, 10, 12, 14, 17, 18, 19, 21, 22, 23, 24, 25, 27, 29, 30, 32, 34, 35, 36, 38, 40, 42, 45, 46, 47, 49, 50, 51, 52, 53, 55, 57, 58, 59, 60, 63, 64, 65, 67, 83, 95, 107, 119], "summary": {"covered_lines": 41, "num_statements": 47, "percent_covered": 87.23404255319149, "percent_covered_display": "87", "missing_lines": 6, "excluded_lines": 0}, "missing_lines": [41, 81, 93, 105, 117, 129], "excluded_lines": [], "functions": {"AuthToken.__post_init__": {"executed_lines": [29, 30], "summary": {"covered_lines": 2, "num_statements": 2, "percent_covered": 100.0, "percent_covered_display": "100", "missing_lines": 0, "excluded_lines": 0}, "missing_lines": [], "excluded_lines": []}, "AuthToken.is_expired": {"executed_lines": [34, 35, 36], "summary": {"covered_lines": 3, "num_statements": 3, "percent_covered": 100.0, "percent_covered_display": "100", "missing_lines": 0, "excluded_lines": 0}, "missing_lines": [], "excluded_lines": []}, "AuthToken.has_permission": {"executed_lines": [40, 42], "summary": {"covered_lines": 2, "num_statements": 3, "percent_covered": 66.66666666666667, "percent_covered_display": "67", "missing_lines": 1, "excluded_lines": 0}, "missing_lines": [41], "excluded_lines": []}, "UserInfo.__post_init__": {"executed_lines": [57, 58, 59, 60], "summary": {"covered_lines": 4, "num_statements": 4, "percent_covered": 100.0, "percent_covered_display": "100", "missing_lines": 0, "excluded_lines": 0}, "missing_lines": [], "excluded_lines": []}, "IAuthenticationProvider.authenticate": {"executed_lines": [], "summary": {"covered_lines": 0, "num_statements": 1, "percent_covered": 0.0, "percent_covered_display": "0", "missing_lines": 1, "excluded_lines": 0}, "missing_lines": [81], "excluded_lines": []}, "IAuthenticationProvider.validate_token": {"executed_lines": [], "summary": {"covered_lines": 0, "num_statements": 1, "percent_covered": 0.0, "percent_covered_display": "0", "missing_lines": 1, "excluded_lines": 0}, "missing_lines": [93], "excluded_lines": []}, "IAuthenticationProvider.get_user_info": {"executed_lines": [], "summary": {"covered_lines": 0, "num_statements": 1, "percent_covered": 0.0, "percent_covered_display": "0", "missing_lines": 1, "excluded_lines": 0}, "missing_lines": [105], "excluded_lines": []}, "IAuthenticationProvider.revoke_token": {"executed_lines": [], "summary": {"covered_lines": 0, "num_statements": 1, "percent_covered": 0.0, "percent_covered_display": "0", "missing_lines": 1, "excluded_lines": 0}, "missing_lines": [117], "excluded_lines": []}, "IAuthenticationProvider.refresh_token": {"executed_lines": [], "summary": {"covered_lines": 0, "num_statements": 1, "percent_covered": 0.0, "percent_covered_display": "0", "missing_lines": 1, "excluded_lines": 0}, "missing_lines": [129], "excluded_lines": []}, "": {"executed_lines": [1, 8, 9, 10, 12, 14, 17, 18, 19, 21, 22, 23, 24, 25, 27, 32, 38, 45, 46, 47, 49, 50, 51, 52, 53, 55, 63, 64, 65, 67, 83, 95, 107, 119], "summary": {"covered_lines": 30, "num_statements": 30, "percent_covered": 100.0, "percent_covered_display": "100", "missing_lines": 0, "excluded_lines": 0}, "missing_lines": [], "excluded_lines": []}}, "classes": {"AuthToken": {"executed_lines": [29, 30, 34, 35, 36, 40, 42], "summary": {"covered_lines": 7, "num_statements": 8, "percent_covered": 87.5, "percent_covered_display": "88", "missing_lines": 1, "excluded_lines": 0}, "missing_lines": [41], "excluded_lines": []}, "UserInfo": {"executed_lines": [57, 58, 59, 60], "summary": {"covered_lines": 4, "num_statements": 4, "percent_covered": 100.0, "percent_covered_display": "100", "missing_lines": 0, "excluded_lines": 0}, "missing_lines": [], "excluded_lines": []}, "IAuthenticationProvider": {"executed_lines": [], "summary": {"covered_lines": 0, "num_statements": 5, "percent_covered": 0.0, "percent_covered_display": "0", "missing_lines": 5, "excluded_lines": 0}, "missing_lines": [81, 93, 105, 117, 129], "excluded_lines": []}, "": {"executed_lines": [1, 8, 9, 10, 12, 14, 17, 18, 19, 21, 22, 23, 24, 25, 27, 32, 38, 45, 46, 47, 49, 50, 51, 52, 53, 55, 63, 64, 65, 67, 83, 95, 107, 119], "summary": {"covered_lines": 30, "num_statements": 30, "percent_covered": 100.0, "percent_covered_display": "100", "missing_lines": 0, "excluded_lines": 0}, "missing_lines": [], "excluded_lines": []}}}, "src/aider_mcp_server/interfaces/dependency_container.py": {"executed_lines": [1, 8, 9, 11, 13, 14, 15, 18, 19, 21, 22, 23, 26, 27, 28, 30, 34, 38, 59, 78, 97, 112, 121, 134, 135, 137, 140, 141, 143, 146, 147, 149], "summary": {"covered_lines": 26, "num_statements": 34, "percent_covered": 76.47058823529412, "percent_covered_display": "76", "missing_lines": 8, "excluded_lines": 0}, "missing_lines": [32, 36, 57, 76, 95, 110, 119, 131], "excluded_lines": [], "functions": {"IDependencyContainer.__aenter__": {"executed_lines": [], "summary": {"covered_lines": 0, "num_statements": 1, "percent_covered": 0.0, "percent_covered_display": "0", "missing_lines": 1, "excluded_lines": 0}, "missing_lines": [32], "excluded_lines": []}, "IDependencyContainer.__aexit__": {"executed_lines": [], "summary": {"covered_lines": 0, "num_statements": 1, "percent_covered": 0.0, "percent_covered_display": "0", "missing_lines": 1, "excluded_lines": 0}, "missing_lines": [36], "excluded_lines": []}, "IDependencyContainer.register_singleton": {"executed_lines": [], "summary": {"covered_lines": 0, "num_statements": 1, "percent_covered": 0.0, "percent_covered_display": "0", "missing_lines": 1, "excluded_lines": 0}, "missing_lines": [57], "excluded_lines": []}, "IDependencyContainer.register_transient": {"executed_lines": [], "summary": {"covered_lines": 0, "num_statements": 1, "percent_covered": 0.0, "percent_covered_display": "0", "missing_lines": 1, "excluded_lines": 0}, "missing_lines": [76], "excluded_lines": []}, "IDependencyContainer.register_scoped": {"executed_lines": [], "summary": {"covered_lines": 0, "num_statements": 1, "percent_covered": 0.0, "percent_covered_display": "0", "missing_lines": 1, "excluded_lines": 0}, "missing_lines": [95], "excluded_lines": []}, "IDependencyContainer.resolve": {"executed_lines": [], "summary": {"covered_lines": 0, "num_statements": 1, "percent_covered": 0.0, "percent_covered_display": "0", "missing_lines": 1, "excluded_lines": 0}, "missing_lines": [110], "excluded_lines": []}, "IDependencyContainer.create_scope": {"executed_lines": [], "summary": {"covered_lines": 0, "num_statements": 1, "percent_covered": 0.0, "percent_covered_display": "0", "missing_lines": 1, "excluded_lines": 0}, "missing_lines": [119], "excluded_lines": []}, "IDependencyContainer.has_registration": {"executed_lines": [], "summary": {"covered_lines": 0, "num_statements": 1, "percent_covered": 0.0, "percent_covered_display": "0", "missing_lines": 1, "excluded_lines": 0}, "missing_lines": [131], "excluded_lines": []}, "": {"executed_lines": [1, 8, 9, 11, 13, 14, 15, 18, 19, 21, 22, 23, 26, 27, 28, 30, 34, 38, 59, 78, 97, 112, 121, 134, 135, 137, 140, 141, 143, 146, 147, 149], "summary": {"covered_lines": 26, "num_statements": 26, "percent_covered": 100.0, "percent_covered_display": "100", "missing_lines": 0, "excluded_lines": 0}, "missing_lines": [], "excluded_lines": []}}, "classes": {"Scope": {"executed_lines": [], "summary": {"covered_lines": 0, "num_statements": 0, "percent_covered": 100.0, "percent_covered_display": "100", "missing_lines": 0, "excluded_lines": 0}, "missing_lines": [], "excluded_lines": []}, "IDependencyContainer": {"executed_lines": [], "summary": {"covered_lines": 0, "num_statements": 8, "percent_covered": 0.0, "percent_covered_display": "0", "missing_lines": 8, "excluded_lines": 0}, "missing_lines": [32, 36, 57, 76, 95, 110, 119, 131], "excluded_lines": []}, "DependencyRegistrationError": {"executed_lines": [], "summary": {"covered_lines": 0, "num_statements": 0, "percent_covered": 100.0, "percent_covered_display": "100", "missing_lines": 0, "excluded_lines": 0}, "missing_lines": [], "excluded_lines": []}, "DependencyResolutionError": {"executed_lines": [], "summary": {"covered_lines": 0, "num_statements": 0, "percent_covered": 100.0, "percent_covered_display": "100", "missing_lines": 0, "excluded_lines": 0}, "missing_lines": [], "excluded_lines": []}, "CircularDependencyError": {"executed_lines": [], "summary": {"covered_lines": 0, "num_statements": 0, "percent_covered": 100.0, "percent_covered_display": "100", "missing_lines": 0, "excluded_lines": 0}, "missing_lines": [], "excluded_lines": []}, "": {"executed_lines": [1, 8, 9, 11, 13, 14, 15, 18, 19, 21, 22, 23, 26, 27, 28, 30, 34, 38, 59, 78, 97, 112, 121, 134, 135, 137, 140, 141, 143, 146, 147, 149], "summary": {"covered_lines": 26, "num_statements": 26, "percent_covered": 100.0, "percent_covered_display": "100", "missing_lines": 0, "excluded_lines": 0}, "missing_lines": [], "excluded_lines": []}}}, "src/aider_mcp_server/interfaces/error_handler.py": {"executed_lines": [1, 5, 7, 9, 12, 13, 14, 18], "summary": {"covered_lines": 6, "num_statements": 7, "percent_covered": 85.71428571428571, "percent_covered_display": "86", "missing_lines": 1, "excluded_lines": 0}, "missing_lines": [26], "excluded_lines": [], "functions": {"IErrorHandler.handle_error": {"executed_lines": [], "summary": {"covered_lines": 0, "num_statements": 1, "percent_covered": 0.0, "percent_covered_display": "0", "missing_lines": 1, "excluded_lines": 0}, "missing_lines": [26], "excluded_lines": []}, "": {"executed_lines": [1, 5, 7, 9, 12, 13, 14, 18], "summary": {"covered_lines": 6, "num_statements": 6, "percent_covered": 100.0, "percent_covered_display": "100", "missing_lines": 0, "excluded_lines": 0}, "missing_lines": [], "excluded_lines": []}}, "classes": {"IErrorHandler": {"executed_lines": [], "summary": {"covered_lines": 0, "num_statements": 1, "percent_covered": 0.0, "percent_covered_display": "0", "missing_lines": 1, "excluded_lines": 0}, "missing_lines": [26], "excluded_lines": []}, "": {"executed_lines": [1, 5, 7, 9, 12, 13, 14, 18], "summary": {"covered_lines": 6, "num_statements": 6, "percent_covered": 100.0, "percent_covered_display": "100", "missing_lines": 0, "excluded_lines": 0}, "missing_lines": [], "excluded_lines": []}}}, "src/aider_mcp_server/interfaces/event_coordinator.py": {"executed_lines": [1, 5, 7, 9, 10, 11, 14, 15, 16, 21, 25, 29, 39, 49], "summary": {"covered_lines": 12, "num_statements": 17, "percent_covered": 70.58823529411765, "percent_covered_display": "71", "missing_lines": 5, "excluded_lines": 0}, "missing_lines": [23, 27, 37, 47, 56], "excluded_lines": [], "functions": {"IEventCoordinator.startup": {"executed_lines": [], "summary": {"covered_lines": 0, "num_statements": 1, "percent_covered": 0.0, "percent_covered_display": "0", "missing_lines": 1, "excluded_lines": 0}, "missing_lines": [23], "excluded_lines": []}, "IEventCoordinator.shutdown": {"executed_lines": [], "summary": {"covered_lines": 0, "num_statements": 1, "percent_covered": 0.0, "percent_covered_display": "0", "missing_lines": 1, "excluded_lines": 0}, "missing_lines": [27], "excluded_lines": []}, "IEventCoordinator.subscribe": {"executed_lines": [], "summary": {"covered_lines": 0, "num_statements": 1, "percent_covered": 0.0, "percent_covered_display": "0", "missing_lines": 1, "excluded_lines": 0}, "missing_lines": [37], "excluded_lines": []}, "IEventCoordinator.unsubscribe": {"executed_lines": [], "summary": {"covered_lines": 0, "num_statements": 1, "percent_covered": 0.0, "percent_covered_display": "0", "missing_lines": 1, "excluded_lines": 0}, "missing_lines": [47], "excluded_lines": []}, "IEventCoordinator.publish_event": {"executed_lines": [], "summary": {"covered_lines": 0, "num_statements": 1, "percent_covered": 0.0, "percent_covered_display": "0", "missing_lines": 1, "excluded_lines": 0}, "missing_lines": [56], "excluded_lines": []}, "": {"executed_lines": [1, 5, 7, 9, 10, 11, 14, 15, 16, 21, 25, 29, 39, 49], "summary": {"covered_lines": 12, "num_statements": 12, "percent_covered": 100.0, "percent_covered_display": "100", "missing_lines": 0, "excluded_lines": 0}, "missing_lines": [], "excluded_lines": []}}, "classes": {"IEventCoordinator": {"executed_lines": [], "summary": {"covered_lines": 0, "num_statements": 5, "percent_covered": 0.0, "percent_covered_display": "0", "missing_lines": 5, "excluded_lines": 0}, "missing_lines": [23, 27, 37, 47, 56], "excluded_lines": []}, "": {"executed_lines": [1, 5, 7, 9, 10, 11, 14, 15, 16, 21, 25, 29, 39, 49], "summary": {"covered_lines": 12, "num_statements": 12, "percent_covered": 100.0, "percent_covered_display": "100", "missing_lines": 0, "excluded_lines": 0}, "missing_lines": [], "excluded_lines": []}}}, "src/aider_mcp_server/interfaces/event_handler.py": {"executed_lines": [1, 5, 7, 9, 12, 13, 14, 18], "summary": {"covered_lines": 6, "num_statements": 7, "percent_covered": 85.71428571428571, "percent_covered_display": "86", "missing_lines": 1, "excluded_lines": 0}, "missing_lines": [29], "excluded_lines": [], "functions": {"IEventHandler.handle_event": {"executed_lines": [], "summary": {"covered_lines": 0, "num_statements": 1, "percent_covered": 0.0, "percent_covered_display": "0", "missing_lines": 1, "excluded_lines": 0}, "missing_lines": [29], "excluded_lines": []}, "": {"executed_lines": [1, 5, 7, 9, 12, 13, 14, 18], "summary": {"covered_lines": 6, "num_statements": 6, "percent_covered": 100.0, "percent_covered_display": "100", "missing_lines": 0, "excluded_lines": 0}, "missing_lines": [], "excluded_lines": []}}, "classes": {"IEventHandler": {"executed_lines": [], "summary": {"covered_lines": 0, "num_statements": 1, "percent_covered": 0.0, "percent_covered_display": "0", "missing_lines": 1, "excluded_lines": 0}, "missing_lines": [29], "excluded_lines": []}, "": {"executed_lines": [1, 5, 7, 9, 12, 13, 14, 18], "summary": {"covered_lines": 6, "num_statements": 6, "percent_covered": 100.0, "percent_covered_display": "100", "missing_lines": 0, "excluded_lines": 0}, "missing_lines": [], "excluded_lines": []}}}, "src/aider_mcp_server/interfaces/request_handler.py": {"executed_lines": [1, 5, 7, 9, 12, 13, 14, 18], "summary": {"covered_lines": 6, "num_statements": 7, "percent_covered": 85.71428571428571, "percent_covered_display": "86", "missing_lines": 1, "excluded_lines": 0}, "missing_lines": [28], "excluded_lines": [], "functions": {"IRequestHandler.handle_request": {"executed_lines": [], "summary": {"covered_lines": 0, "num_statements": 1, "percent_covered": 0.0, "percent_covered_display": "0", "missing_lines": 1, "excluded_lines": 0}, "missing_lines": [28], "excluded_lines": []}, "": {"executed_lines": [1, 5, 7, 9, 12, 13, 14, 18], "summary": {"covered_lines": 6, "num_statements": 6, "percent_covered": 100.0, "percent_covered_display": "100", "missing_lines": 0, "excluded_lines": 0}, "missing_lines": [], "excluded_lines": []}}, "classes": {"IRequestHandler": {"executed_lines": [], "summary": {"covered_lines": 0, "num_statements": 1, "percent_covered": 0.0, "percent_covered_display": "0", "missing_lines": 1, "excluded_lines": 0}, "missing_lines": [28], "excluded_lines": []}, "": {"executed_lines": [1, 5, 7, 9, 12, 13, 14, 18], "summary": {"covered_lines": 6, "num_statements": 6, "percent_covered": 100.0, "percent_covered_display": "100", "missing_lines": 0, "excluded_lines": 0}, "missing_lines": [], "excluded_lines": []}}}, "src/aider_mcp_server/interfaces/security_service.py": {"executed_lines": [1, 5, 7, 9, 10, 13, 14, 15, 17, 29, 42], "summary": {"covered_lines": 9, "num_statements": 12, "percent_covered": 75.0, "percent_covered_display": "75", "missing_lines": 3, "excluded_lines": 0}, "missing_lines": [27, 40, 50], "excluded_lines": [], "functions": {"ISecurityService.validate_token": {"executed_lines": [], "summary": {"covered_lines": 0, "num_statements": 1, "percent_covered": 0.0, "percent_covered_display": "0", "missing_lines": 1, "excluded_lines": 0}, "missing_lines": [27], "excluded_lines": []}, "ISecurityService.check_permission": {"executed_lines": [], "summary": {"covered_lines": 0, "num_statements": 1, "percent_covered": 0.0, "percent_covered_display": "0", "missing_lines": 1, "excluded_lines": 0}, "missing_lines": [40], "excluded_lines": []}, "ISecurityService.log_security_event": {"executed_lines": [], "summary": {"covered_lines": 0, "num_statements": 1, "percent_covered": 0.0, "percent_covered_display": "0", "missing_lines": 1, "excluded_lines": 0}, "missing_lines": [50], "excluded_lines": []}, "": {"executed_lines": [1, 5, 7, 9, 10, 13, 14, 15, 17, 29, 42], "summary": {"covered_lines": 9, "num_statements": 9, "percent_covered": 100.0, "percent_covered_display": "100", "missing_lines": 0, "excluded_lines": 0}, "missing_lines": [], "excluded_lines": []}}, "classes": {"ISecurityService": {"executed_lines": [], "summary": {"covered_lines": 0, "num_statements": 3, "percent_covered": 0.0, "percent_covered_display": "0", "missing_lines": 3, "excluded_lines": 0}, "missing_lines": [27, 40, 50], "excluded_lines": []}, "": {"executed_lines": [1, 5, 7, 9, 10, 13, 14, 15, 17, 29, 42], "summary": {"covered_lines": 9, "num_statements": 9, "percent_covered": 100.0, "percent_covered_display": "100", "missing_lines": 0, "excluded_lines": 0}, "missing_lines": [], "excluded_lines": []}}}, "src/aider_mcp_server/interfaces/transport_adapter.py": {"executed_lines": [1, 3, 5, 6, 9, 10, 11, 13, 14, 17, 18, 19, 20, 26, 27, 28, 29, 30, 33, 34, 35, 37, 38, 39, 41, 42, 44, 45, 47, 50, 53, 59, 61, 64, 67, 70, 73, 76], "summary": {"covered_lines": 37, "num_statements": 45, "percent_covered": 82.22222222222223, "percent_covered_display": "82", "missing_lines": 8, "excluded_lines": 0}, "missing_lines": [48, 51, 62, 65, 68, 71, 74, 77], "excluded_lines": [], "functions": {"ITransportAdapter.get_transport_id": {"executed_lines": [13], "summary": {"covered_lines": 1, "num_statements": 1, "percent_covered": 100.0, "percent_covered_display": "100", "missing_lines": 0, "excluded_lines": 0}, "missing_lines": [], "excluded_lines": []}, "ITransportAdapter.shutdown": {"executed_lines": [14], "summary": {"covered_lines": 1, "num_statements": 1, "percent_covered": 100.0, "percent_covered_display": "100", "missing_lines": 0, "excluded_lines": 0}, "missing_lines": [], "excluded_lines": []}, "ITransportAdapter.get_transport_type": {"executed_lines": [17], "summary": {"covered_lines": 1, "num_statements": 1, "percent_covered": 100.0, "percent_covered_display": "100", "missing_lines": 0, "excluded_lines": 0}, "missing_lines": [], "excluded_lines": []}, "ITransportAdapter.get_capabilities": {"executed_lines": [18], "summary": {"covered_lines": 1, "num_statements": 1, "percent_covered": 100.0, "percent_covered_display": "100", "missing_lines": 0, "excluded_lines": 0}, "missing_lines": [], "excluded_lines": []}, "ITransportAdapter.send_event": {"executed_lines": [19], "summary": {"covered_lines": 1, "num_statements": 1, "percent_covered": 100.0, "percent_covered_display": "100", "missing_lines": 0, "excluded_lines": 0}, "missing_lines": [], "excluded_lines": []}, "ITransportAdapter.should_receive_event": {"executed_lines": [], "summary": {"covered_lines": 0, "num_statements": 0, "percent_covered": 100.0, "percent_covered_display": "100", "missing_lines": 0, "excluded_lines": 0}, "missing_lines": [], "excluded_lines": []}, "ITransportAdapter.initialize": {"executed_lines": [26], "summary": {"covered_line
[...]
y": {"covered_lines": 8, "num_statements": 10, "percent_covered": 80.0, "percent_covered_display": "80", "missing_lines": 2, "excluded_lines": 0}, "missing_lines": [211, 212], "excluded_lines": []}, "": {"executed_lines": [1, 2, 3, 5, 6, 7, 15, 16, 20, 35, 36, 46, 69, 86, 100, 108, 122, 148, 195, 199], "summary": {"covered_lines": 18, "num_statements": 18, "percent_covered": 100.0, "percent_covered_display": "100", "missing_lines": 0, "excluded_lines": 0}, "missing_lines": [], "excluded_lines": []}}, "classes": {"Session": {"executed_lines": [27, 28, 29, 30, 31, 32], "summary": {"covered_lines": 6, "num_statements": 6, "percent_covered": 100.0, "percent_covered_display": "100", "missing_lines": 0, "excluded_lines": 0}, "missing_lines": [], "excluded_lines": []}, "SessionManager": {"executed_lines": [53, 54, 55, 58, 61, 70, 71, 79, 80, 81, 84, 87, 88, 89, 90, 91, 92, 95, 101, 102, 103, 104, 109, 110, 111, 112, 113, 114, 117, 155, 156, 158, 160, 169, 173, 174, 175, 177, 178, 179, 180, 182, 183, 184, 192, 193, 196, 197, 200, 201, 202, 203, 204, 205, 206, 209], "summary": {"covered_lines": 56, "num_statements": 86, "percent_covered": 65.11627906976744, "percent_covered_display": "65", "missing_lines": 30, "excluded_lines": 0}, "missing_lines": [62, 63, 64, 65, 67, 72, 73, 74, 77, 97, 98, 106, 119, 120, 132, 133, 134, 135, 138, 140, 141, 142, 143, 145, 146, 157, 188, 190, 211, 212], "excluded_lines": []}, "": {"executed_lines": [1, 2, 3, 5, 6, 7, 15, 16, 20, 35, 36, 46, 69, 86, 100, 108, 122, 148, 195, 199], "summary": {"covered_lines": 18, "num_statements": 18, "percent_covered": 100.0, "percent_covered_display": "100", "missing_lines": 0, "excluded_lines": 0}, "missing_lines": [], "excluded_lines": []}}}, "src/aider_mcp_server/templates/servers/multi_transport_server.py": {"executed_lines": [1, 2, 3, 4, 5, 6, 7, 8, 18, 21, 23, 24, 25, 26, 30, 35, 36, 37, 38, 44, 47, 50, 54, 55, 73, 74, 91, 94, 114, 124, 152, 228, 274, 295, 330, 367, 391, 409, 417, 472, 550], "summary": {"covered_lines": 41, "num_statements": 246, "percent_covered": 16.666666666666668, "percent_covered_display": "17", "missing_lines": 205, "excluded_lines": 0}, "missing_lines": [59, 60, 61, 63, 64, 65, 66, 67, 68, 69, 70, 78, 79, 81, 82, 83, 84, 85, 86, 99, 100, 101, 102, 103, 104, 105, 107, 109, 116, 117, 118, 119, 120, 121, 127, 128, 129, 130, 131, 133, 135, 136, 137, 138, 139, 140, 141, 144, 145, 146, 147, 149, 156, 177, 188, 193, 196, 217, 224, 225, 235, 236, 239, 244, 245, 247, 248, 249, 252, 255, 256, 258, 259, 260, 261, 264, 267, 271, 276, 282, 283, 284, 287, 288, 289, 291, 292, 298, 318, 325, 326, 327, 332, 333, 334, 335, 337, 338, 339, 340, 341, 342, 343, 344, 349, 350, 351, 352, 353, 354, 355, 356, 359, 360, 361, 362, 363, 364, 369, 370, 372, 373, 374, 375, 376, 377, 378, 379, 380, 381, 382, 383, 384, 385, 387, 388, 393, 394, 396, 397, 398, 399, 400, 401, 402, 403, 404, 405, 406, 413, 414, 429, 430, 431, 436, 437, 440, 442, 443, 444, 447, 450, 453, 456, 457, 458, 461, 464, 465, 468, 474, 475, 481, 487, 493, 494, 500, 506, 508, 509, 510, 511, 512, 513, 514, 515, 517, 519, 520, 530, 531, 532, 533, 534, 535, 536, 537, 539, 540, 543, 544, 545, 546, 547, 551], "excluded_lines": [], "functions": {"adapter_shutdown_context": {"executed_lines": [], "summary": {"covered_lines": 0, "num_statements": 11, "percent_covered": 0.0, "percent_covered_display": "0", "missing_lines": 11, "excluded_lines": 0}, "missing_lines": [59, 60, 61, 63, 64, 65, 66, 67, 68, 69, 70], "excluded_lines": []}, "coordinator_shutdown_context": {"executed_lines": [], "summary": {"covered_lines": 0, "num_statements": 8, "percent_covered": 0.0, "percent_covered_display": "0", "missing_lines": 8, "excluded_lines": 0}, "missing_lines": [78, 79, 81, 82, 83, 84, 85, 86], "excluded_lines": []}, "_setup_logger": {"executed_lines": [], "summary": {"covered_lines": 0, "num_statements": 9, "percent_covered": 0.0, "percent_covered_display": "0", "missing_lines": 9, "excluded_lines": 0}, "missing_lines": [99, 100, 101, 102, 103, 104, 105, 107, 109], "excluded_lines": []}, "_validate_working_directory": {"executed_lines": [], "summary": {"covered_lines": 0, "num_statements": 6, "percent_covered": 0.0, "percent_covered_display": "0", "missing_lines": 6, "excluded_lines": 0}, "missing_lines": [116, 117, 118, 119, 120, 121], "excluded_lines": []}, "_setup_signal_handlers": {"executed_lines": [], "summary": {"covered_lines": 0, "num_statements": 13, "percent_covered": 0.0, "percent_covered_display": "0", "missing_lines": 13, "excluded_lines": 0}, "missing_lines": [127, 135, 136, 137, 138, 139, 140, 141, 144, 145, 146, 147, 149], "excluded_lines": []}, "_setup_signal_handlers._signal_handler": {"executed_lines": [], "summary": {"covered_lines": 0, "num_statements": 5, "percent_covered": 0.0, "percent_covered_display": "0", "missing_lines": 5, "excluded_lines": 0}, "missing_lines": [128, 129, 130, 131, 133], "excluded_lines": []}, "_register_handlers": {"executed_lines": [], "summary": {"covered_lines": 0, "num_statements": 6, "percent_covered": 0.0, "percent_covered_display": "0", "missing_lines": 6, "excluded_lines": 0}, "missing_lines": [156, 188, 193, 196, 224, 225], "excluded_lines": []}, "_register_handlers.aider_handler_wrapper": {"executed_lines": [], "summary": {"covered_lines": 0, "num_statements": 1, "percent_covered": 0.0, "percent_covered_display": "0", "missing_lines": 1, "excluded_lines": 0}, "missing_lines": [177], "excluded_lines": []}, "_register_handlers.list_models_wrapper": {"executed_lines": [], "summary": {"covered_lines": 0, "num_statements": 1, "percent_covered": 0.0, "percent_covered_display": "0", "missing_lines": 1, "excluded_lines": 0}, "missing_lines": [217], "excluded_lines": []}, "_setup_transports": {"executed_lines": [], "summary": {"covered_lines": 0, "num_statements": 18, "percent_covered": 0.0, "percent_covered_display": "0", "missing_lines": 18, "excluded_lines": 0}, "missing_lines": [235, 236, 239, 244, 245, 247, 248, 249, 252, 255, 256, 258, 259, 260, 261, 264, 267, 271], "excluded_lines": []}, "_create_fastapi_app": {"executed_lines": [], "summary": {"covered_lines": 0, "num_statements": 7, "percent_covered": 0.0, "percent_covered_display": "0", "missing_lines": 7, "excluded_lines": 0}, "missing_lines": [276, 282, 283, 287, 288, 291, 292], "excluded_lines": []}, "_create_fastapi_app.sse_endpoint": {"executed_lines": [], "summary": {"covered_lines": 0, "num_statements": 1, "percent_covered": 0.0, "percent_covered_display": "0", "missing_lines": 1, "excluded_lines": 0}, "missing_lines": [284], "excluded_lines": []}, "_create_fastapi_app.message_endpoint": {"executed_lines": [], "summary": {"covered_lines": 0, "num_statements": 1, "percent_covered": 0.0, "percent_covered_display": "0", "missing_lines": 1, "excluded_lines": 0}, "missing_lines": [289], "excluded_lines": []}, "_configure_uvicorn_server": {"executed_lines": [], "summary": {"covered_lines": 0, "num_statements": 5, "percent_covered": 0.0, "percent_covered_display": "0", "missing_lines": 5, "excluded_lines": 0}, "missing_lines": [298, 318, 325, 326, 327], "excluded_lines": []}, "_monitor_server_tasks": {"executed_lines": [], "summary": {"covered_lines": 0, "num_statements": 26, "percent_covered": 0.0, "percent_covered_display": "0", "missing_lines": 26, "excluded_lines": 0}, "missing_lines": [332, 333, 334, 335, 337, 338, 339, 340, 341, 342, 343, 344, 349, 350, 351, 352, 353, 354, 355, 356, 359, 360, 361, 362, 363, 364], "excluded_lines": []}, "_signal_server_shutdown": {"executed_lines": [], "summary": {"covered_lines": 0, "num_statements": 18, "percent_covered": 0.0, "percent_covered_display": "0", "missing_lines": 18, "excluded_lines": 0}, "missing_lines": [369, 370, 372, 373, 374, 375, 376, 377, 378, 379, 380, 381, 382, 383, 384, 385, 387, 388], "excluded_lines": []}, "_wait_for_server_task": {"executed_lines": [], "summary": {"covered_lines": 0, "num_statements": 13, "percent_covered": 0.0, "percent_covered_display": "0", "missing_lines": 13, "excluded_lines": 0}, "missing_lines": [393, 394, 396, 397, 398, 399, 400, 401, 402, 403, 404, 405, 406], "excluded_lines": []}, "_shutdown_uvicorn_server": {"executed_lines": [], "summary": {"covered_lines": 0, "num_statements": 2, "percent_covered": 0.0, "percent_covered_display": "0", "missing_lines": 2, "excluded_lines": 0}, "missing_lines": [413, 414], "excluded_lines": []}, "serve_multi_transport": {"executed_lines": [], "summary": {"covered_lines": 0, "num_statements": 19, "percent_covered": 0.0, "percent_covered_display": "0", "missing_lines": 19, "excluded_lines": 0}, "missing_lines": [429, 430, 431, 436, 437, 440, 442, 443, 444, 447, 450, 453, 456, 457, 458, 461, 464, 465, 468], "excluded_lines": []}, "main": {"executed_lines": [], "summary": {"covered_lines": 0, "num_statements": 34, "percent_covered": 0.0, "percent_covered_display": "0", "missing_lines": 34, "excluded_lines": 0}, "missing_lines": [474, 475, 481, 487, 493, 494, 500, 506, 508, 509, 510, 511, 512, 513, 514, 515, 517, 519, 520, 530, 531, 532, 533, 534, 535, 536, 537, 539, 540, 543, 544, 545, 546, 547], "excluded_lines": []}, "": {"executed_lines": [1, 2, 3, 4, 5, 6, 7, 8, 18, 21, 23, 24, 25, 26, 30, 35, 36, 37, 38, 44, 47, 50, 54, 55, 73, 74, 91, 94, 114, 124, 152, 228, 274, 295, 330, 367, 391, 409, 417, 472, 550], "summary": {"covered_lines": 41, "num_statements": 42, "percent_covered": 97.61904761904762, "percent_covered_display": "98", "missing_lines": 1, "excluded_lines": 0}, "missing_lines": [551], "excluded_lines": []}}, "classes": {"": {"executed_lines": [1, 2, 3, 4, 5, 6, 7, 8, 18, 21, 23, 24, 25, 26, 30, 35, 36, 37, 38, 44, 47, 50, 54, 55, 73, 74, 91, 94, 114, 124, 152, 228, 274, 295, 330, 367, 391, 409, 417, 472, 550], "summary": {"covered_lines": 41, "num_statements": 246, "percent_covered": 16.666666666666668, "percent_covered_display": "17", "missing_lines": 205, "excluded_lines": 0}, "missing_lines": [59, 60, 61, 63, 64, 65, 66, 67, 68, 69, 70, 78, 79, 81, 82, 83, 84, 85, 86, 99, 100, 101, 102, 103, 104, 105, 107, 109, 116, 117, 118, 119, 120, 121, 127, 128, 129, 130, 131, 133, 135, 136, 137, 138, 139, 140, 141, 144, 145, 146, 147, 149, 156, 177, 188, 193, 196, 217, 224, 225, 235, 236, 239, 244, 245, 247, 248, 249, 252, 255, 256, 258, 259, 260, 261, 264, 267, 271, 276, 282, 283, 284, 287, 288, 289, 291, 292, 298, 318, 325, 326, 327, 332, 333, 334, 335, 337, 338, 339, 340, 341, 342, 343, 344, 349, 350, 351, 352, 353, 354, 355, 356, 359, 360, 361, 362, 363, 364, 369, 370, 372, 373, 374, 375, 376, 377, 378, 379, 380, 381, 382, 383, 384, 385, 387, 388, 393, 394, 396, 397, 398, 399, 400, 401, 402, 403, 404, 405, 406, 413, 414, 429, 430, 431, 436, 437, 440, 442, 443, 444, 447, 450, 453, 456, 457, 458, 461, 464, 465, 468, 474, 475, 481, 487, 493, 494, 500, 506, 508, 509, 510, 511, 512, 513, 514, 515, 517, 519, 520, 530, 531, 532, 533, 534, 535, 536, 537, 539, 540, 543, 544, 545, 546, 547, 551], "excluded_lines": []}}}, "src/aider_mcp_server/templates/servers/server.py": {"executed_lines": [1, 2, 3, 4, 5, 6, 7, 10, 11, 12, 14, 15, 16, 17, 23, 26, 74, 89, 132, 213], "summary": {"covered_lines": 20, "num_statements": 98, "percent_covered": 20.408163265306122, "percent_covered_display": "20", "missing_lines": 78, "excluded_lines": 0}, "missing_lines": [100, 101, 102, 103, 106, 107, 108, 111, 114, 121, 122, 124, 126, 127, 128, 129, 148, 150, 151, 152, 153, 156, 157, 158, 160, 161, 163, 166, 167, 168, 171, 172, 175, 176, 177, 178, 179, 180, 181, 184, 185, 193, 194, 195, 201, 204, 205, 207, 209, 210, 227, 228, 233, 235, 236, 237, 239, 240, 241, 244, 246, 247, 248, 254, 263, 264, 265, 266, 279, 280, 281, 282, 283, 284, 285, 286, 288, 290], "excluded_lines": [], "functions": {"is_git_repository": {"executed_lines": [], "summary": {"covered_lines": 0, "num_statements": 16, "percent_covered": 0.0, "percent_covered_display": "0", "missing_lines": 16, "excluded_lines": 0}, "missing_lines": [100, 101, 102, 103, 106, 107, 108, 111, 114, 121, 122, 124, 126, 127, 128, 129], "excluded_lines": []}, "handle_request": {"executed_lines": [], "summary": {"covered_lines": 0, "num_statements": 34, "percent_covered": 0.0, "percent_covered_display": "0", "missing_lines": 34, "excluded_lines": 0}, "missing_lines": [148, 150, 151, 152, 153, 156, 157, 158, 160, 161, 163, 166, 167, 168, 171, 172, 175, 176, 177, 178, 179, 180, 181, 184, 185, 193, 194, 195, 201, 204, 205, 207, 209, 210], "excluded_lines": []}, "serve": {"executed_lines": [], "summary": {"covered_lines": 0, "num_statements": 17, "percent_covered": 0.0, "percent_covered_display": "0", "missing_lines": 17, "excluded_lines": 0}, "missing_lines": [227, 228, 233, 235, 236, 239, 240, 279, 280, 281, 282, 283, 284, 285, 286, 288, 290], "excluded_lines": []}, "serve.list_tools": {"executed_lines": [], "summary": {"covered_lines": 0, "num_statements": 1, "percent_covered": 0.0, "percent_covered_display": "0", "missing_lines": 1, "excluded_lines": 0}, "missing_lines": [237], "excluded_lines": []}, "serve.call_tool": {"executed_lines": [], "summary": {"covered_lines": 0, "num_statements": 10, "percent_covered": 0.0, "percent_covered_display": "0", "missing_lines": 10, "excluded_lines": 0}, "missing_lines": [241, 244, 246, 247, 248, 254, 263, 264, 265, 266], "excluded_lines": []}, "": {"executed_lines": [1, 2, 3, 4, 5, 6, 7, 10, 11, 12, 14, 15, 16, 17, 23, 26, 74, 89, 132, 213], "summary": {"covered_lines": 20, "num_statements": 20, "percent_covered": 100.0, "percent_covered_display": "100", "missing_lines": 0, "excluded_lines": 0}, "missing_lines": [], "excluded_lines": []}}, "classes": {"": {"executed_lines": [1, 2, 3, 4, 5, 6, 7, 10, 11, 12, 14, 15, 16, 17, 23, 26, 74, 89, 132, 213], "summary": {"covered_lines": 20, "num_statements": 98, "percent_covered": 20.408163265306122, "percent_covered_display": "20", "missing_lines": 78, "excluded_lines": 0}, "missing_lines": [100, 101, 102, 103, 106, 107, 108, 111, 114, 121, 122, 124, 126, 127, 128, 129, 148, 150, 151, 152, 153, 156, 157, 158, 160, 161, 163, 166, 167, 168, 171, 172, 175, 176, 177, 178, 179, 180, 181, 184, 185, 193, 194, 195, 201, 204, 205, 207, 209, 210, 227, 228, 233, 235, 236, 237, 239, 240, 241, 244, 246, 247, 248, 254, 263, 264, 265, 266, 279, 280, 281, 282, 283, 284, 285, 286, 288, 290], "excluded_lines": []}}}, "src/aider_mcp_server/templates/servers/sse_server.py": {"executed_lines": [1, 2, 3, 4, 5, 7, 8, 9, 10, 11, 13, 15, 18, 48, 62, 118, 120, 121, 122, 123, 124, 127, 128, 129, 132, 139, 140, 145, 146, 148, 156, 158, 161, 164, 170, 172, 176, 179, 181, 182, 194, 195, 196, 199, 218, 220, 221, 222, 223, 229, 232, 233, 235, 236, 237, 239, 240, 241, 243, 244, 245, 247, 248, 249, 251, 254, 255, 256, 257, 262, 268], "summary": {"covered_lines": 71, "num_statements": 128, "percent_covered": 55.46875, "percent_covered_display": "55", "missing_lines": 57, "excluded_lines": 0}, "missing_lines": [33, 34, 35, 36, 37, 38, 39, 41, 42, 43, 45, 52, 53, 54, 56, 57, 79, 82, 83, 84, 86, 87, 88, 89, 90, 91, 93, 96, 97, 98, 99, 104, 105, 106, 107, 108, 109, 110, 115, 166, 167, 168, 173, 174, 183, 184, 185, 186, 187, 188, 189, 190, 192, 242, 258, 259, 278], "excluded_lines": [], "functions": {"handle_shutdown_signal": {"executed_lines": [], "summary": {"covered_lines": 0, "num_statements": 11, "percent_covered": 0.0, "percent_covered_display": "0", "missing_lines": 11, "excluded_lines": 0}, "missing_lines": [33, 34, 35, 36, 37, 38, 39, 41, 42, 43, 45], "excluded_lines": []}, "_handle_shutdown_signal_for_test": {"executed_lines": [], "summary": {"covered_lines": 0, "num_statements": 5, "percent_covered": 0.0, "percent_covered_display": "0", "missing_lines": 5, "excluded_lines": 0}, "missing_lines": [52, 53, 54, 56, 57], "excluded_lines": []}, "_create_shutdown_task_wrapper": {"executed_lines": [], "summary": {"covered_lines": 0, "num_statements": 2, "percent_covered": 0.0, "percent_covered_display": "0", "missing_lines": 2, "excluded_lines": 0}, "missing_lines": [79, 115], "excluded_lines": []}, "_create_shutdown_task_wrapper.sync_wrapper": {"executed_lines": [], "summary": {"covered_lines": 0, "num_statements": 21, "percent_covered": 0.0, "percent_covered_display": "0", "missing_lines": 21, "excluded_lines": 0}, "missing_lines": [82, 83, 84, 86, 87, 88, 89, 90, 91, 93, 96, 97, 98, 99, 104, 105, 106, 107, 108, 109, 110], "excluded_lines": []}, "_validate_working_directory": {"executed_lines": [120, 121, 122, 123, 124, 127, 128, 129], "summary": {"covered_lines": 8, "num_statements": 8, "percent_covered": 100.0, "percent_covered_display": "100", "missing_lines": 0, "excluded_lines": 0}, "missing_lines": [], "excluded_lines": []}, "_setup_sse_adapter": {"executed_lines": [139, 140, 145, 146, 148, 156, 158], "summary": {"covered_lines": 7, "num_statements": 7, "percent_covered": 100.0, "percent_covered_display": "100", "missing_lines": 0, "excluded_lines": 0}, "missing_lines": [], "excluded_lines": []}, "_setup_signal_handlers": {"executed_lines": [164, 170, 172, 176], "summary": {"covered_lines": 4, "num_statements": 4, "percent_covered": 100.0, "percent_covered_display": "100", "missing_lines": 0, "excluded_lines": 0}, "missing_lines": [], "excluded_lines": []}, "_setup_signal_handlers.handle_shutdown": {"executed_lines": [], "summary": {"covered_lines": 0, "num_statements": 3, "percent_covered": 0.0, "percent_covered_display": "0", "missing_lines": 3, "excluded_lines": 0}, "missing_lines": [166, 167, 168], "excluded_lines": []}, "_setup_signal_handlers.create_handler": {"executed_lines": [], "summary": {"covered_lines": 0, "num_statements": 2, "percent_covered": 0.0, "percent_covered_display": "0", "missing_lines": 2, "excluded_lines": 0}, "missing_lines": [173, 174], "excluded_lines": []}, "_wait_for_shutdown": {"executed_lines": [181, 182, 194, 195, 196], "summary": {"covered_lines": 5, "num_statements": 14, "percent_covered": 35.714285714285715, "percent_covered_display": "36", "missing_lines": 9, "excluded_lines": 0}, "missing_lines": [183, 184, 185, 186, 187, 188, 189, 190, 192], "excluded_lines": []}, "run_sse_server": {"executed_lines": [218, 220, 221, 222, 223, 229, 232, 233, 235, 236, 237, 239, 240, 241, 243, 244, 245, 247, 248, 249, 251, 254, 255, 256, 257, 262], "summary": {"covered_lines": 26, "num_statements": 29, "percent_covered": 89.65517241379311, "percent_covered_display": "90", "missing_lines": 3, "excluded_lines": 0}, "missing_lines": [242, 258, 259], "excluded_lines": []}, "serve_sse": {"executed_lines": [], "summary": {"covered_lines": 0, "num_statements": 1, "percent_covered": 0.0, "percent_covered_display": "0", "missing_lines": 1, "excluded_lines": 0}, "missing_lines": [278], "excluded_lines": []}, "": {"executed_lines": [1, 2, 3, 4, 5, 7, 8, 9, 10, 11, 13, 15, 18, 48, 62, 118, 132, 161, 179, 199, 268], "summary": {"covered_lines": 21, "num_statements": 21, "percent_covered": 100.0, "percent_covered_display": "100", "missing_lines": 0, "excluded_lines": 0}, "missing_lines": [], "excluded_lines": []}}, "classes": {"": {"executed_lines": [1, 2, 3, 4, 5, 7, 8, 9, 10, 11, 13, 15, 18, 48, 62, 118, 120, 121, 122, 123, 124, 127, 128, 129, 132, 139, 140, 145, 146, 148, 156, 158, 161, 164, 170, 172, 176, 179, 181, 182, 194, 195, 196, 199, 218, 220, 221, 222, 223, 229, 232, 233, 235, 236, 237, 239, 240, 241, 243, 244, 245, 247, 248, 249, 251, 254, 255, 256, 257, 262, 268], "summary": {"covered_lines": 71, "num_statements": 128, "percent_covered": 55.46875, "percent_covered_display": "55", "missing_lines": 57, "excluded_lines": 0}, "missing_lines": [33, 34, 35, 36, 37, 38, 39, 41, 42, 43, 45, 52, 53, 54, 56, 57, 79, 82, 83, 84, 86, 87, 88, 89, 90, 91, 93, 96, 97, 98, 99, 104, 105, 106, 107, 108, 109, 110, 115, 166, 167, 168, 173, 174, 183, 184, 185, 186, 187, 188, 189, 190, 192, 242, 258, 259, 278], "excluded_lines": []}}}}, "totals": {"covered_lines": 4791, "num_statements": 6579, "percent_covered": 72.82261741906065, "percent_covered_display": "73", "missing_lines": 1788, "excluded_lines": 0}}